a_data_processing.YouTube.main:2019-12-21 14:20:59,498:INFO:Starting YouTube API construct
a_data_processing.YouTube.main:2019-12-21 14:21:11,419:INFO:Starting process on trends, category 0 for country BR
a_data_processing.YouTube.api:2019-12-21 14:21:11,419:INFO:Initializing YouTube Api V3...
a_data_processing.YouTube.api:2019-12-21 14:21:11,419:INFO:Gathering user developer Key...
a_data_processing.YouTube.api:2019-12-21 14:21:13,163:INFO:Initializing api_manager
a_data_processing.YouTube.api:2019-12-21 14:21:13,163:INFO:Getting videos information from youtube...
a_data_processing.YouTube.api:2019-12-21 14:21:13,859:INFO:........Page 1
a_data_processing.YouTube.api:2019-12-21 14:21:14,622:INFO:........Page 2
a_data_processing.YouTube.api:2019-12-21 14:21:15,166:INFO:........Page 3
a_data_processing.YouTube.api:2019-12-21 14:21:15,829:INFO:........Page 4
a_data_processing.YouTube.api:2019-12-21 14:21:15,829:INFO:Getting channels information...
a_data_processing.YouTube.api:2019-12-21 14:21:15,844:INFO:........Channel 1
a_data_processing.YouTube.api:2019-12-21 14:21:16,071:INFO:........Channel 2
a_data_processing.YouTube.api:2019-12-21 14:21:16,299:INFO:........Channel 3
a_data_processing.YouTube.api:2019-12-21 14:21:16,533:INFO:........Channel 4
a_data_processing.YouTube.api:2019-12-21 14:21:16,768:INFO:........Channel 5
a_data_processing.YouTube.api:2019-12-21 14:21:17,025:INFO:........Channel 6
a_data_processing.YouTube.api:2019-12-21 14:21:17,239:INFO:........Channel 7
a_data_processing.YouTube.api:2019-12-21 14:21:17,456:INFO:........Channel 8
a_data_processing.YouTube.api:2019-12-21 14:21:17,721:INFO:........Channel 9
a_data_processing.YouTube.api:2019-12-21 14:21:17,942:INFO:........Channel 10
a_data_processing.YouTube.api:2019-12-21 14:21:18,171:INFO:........Channel 11
a_data_processing.YouTube.api:2019-12-21 14:21:18,384:INFO:........Channel 12
a_data_processing.YouTube.api:2019-12-21 14:21:18,588:INFO:........Channel 13
a_data_processing.YouTube.api:2019-12-21 14:21:18,807:INFO:........Channel 14
a_data_processing.YouTube.api:2019-12-21 14:21:19,027:INFO:........Channel 15
a_data_processing.YouTube.api:2019-12-21 14:21:19,236:INFO:........Channel 16
a_data_processing.YouTube.api:2019-12-21 14:21:19,469:INFO:........Channel 17
a_data_processing.YouTube.api:2019-12-21 14:21:19,797:INFO:........Channel 18
a_data_processing.YouTube.api:2019-12-21 14:21:20,013:INFO:........Channel 19
a_data_processing.YouTube.api:2019-12-21 14:21:20,223:INFO:........Channel 20
a_data_processing.YouTube.api:2019-12-21 14:21:20,433:INFO:........Channel 21
a_data_processing.YouTube.api:2019-12-21 14:21:21,168:INFO:........Channel 22
a_data_processing.YouTube.api:2019-12-21 14:21:21,372:INFO:........Channel 23
a_data_processing.YouTube.api:2019-12-21 14:21:21,607:INFO:........Channel 24
a_data_processing.YouTube.api:2019-12-21 14:21:21,841:INFO:........Channel 25
a_data_processing.YouTube.api:2019-12-21 14:21:22,071:INFO:........Channel 26
a_data_processing.YouTube.api:2019-12-21 14:21:22,281:INFO:........Channel 27
a_data_processing.YouTube.api:2019-12-21 14:21:22,484:INFO:........Channel 28
a_data_processing.YouTube.api:2019-12-21 14:21:22,734:INFO:........Channel 29
a_data_processing.YouTube.api:2019-12-21 14:21:22,945:INFO:........Channel 30
a_data_processing.YouTube.api:2019-12-21 14:21:23,171:INFO:........Channel 31
a_data_processing.YouTube.api:2019-12-21 14:21:23,397:INFO:........Channel 32
a_data_processing.YouTube.api:2019-12-21 14:21:23,615:INFO:........Channel 33
a_data_processing.YouTube.api:2019-12-21 14:21:23,818:INFO:........Channel 34
a_data_processing.YouTube.api:2019-12-21 14:21:24,072:INFO:........Channel 35
a_data_processing.YouTube.api:2019-12-21 14:21:24,284:INFO:........Channel 36
a_data_processing.YouTube.api:2019-12-21 14:21:24,487:INFO:........Channel 37
a_data_processing.YouTube.api:2019-12-21 14:21:24,706:INFO:........Channel 38
a_data_processing.YouTube.api:2019-12-21 14:21:24,914:INFO:........Channel 39
a_data_processing.YouTube.api:2019-12-21 14:21:25,132:INFO:........Channel 40
a_data_processing.YouTube.api:2019-12-21 14:21:25,373:INFO:........Channel 41
a_data_processing.YouTube.api:2019-12-21 14:21:25,592:INFO:........Channel 42
a_data_processing.YouTube.api:2019-12-21 14:21:25,873:INFO:........Channel 43
a_data_processing.YouTube.api:2019-12-21 14:21:26,084:INFO:........Channel 44
a_data_processing.YouTube.api:2019-12-21 14:21:26,310:INFO:........Channel 45
a_data_processing.YouTube.api:2019-12-21 14:21:26,513:INFO:........Channel 46
a_data_processing.YouTube.api:2019-12-21 14:21:26,762:INFO:........Channel 47
a_data_processing.YouTube.api:2019-12-21 14:21:26,973:INFO:........Channel 48
a_data_processing.YouTube.api:2019-12-21 14:21:27,219:INFO:........Channel 49
a_data_processing.YouTube.api:2019-12-21 14:21:27,467:INFO:........Channel 50
a_data_processing.YouTube.api:2019-12-21 14:21:27,670:INFO:........Channel 51
a_data_processing.YouTube.api:2019-12-21 14:21:27,889:INFO:........Channel 52
a_data_processing.YouTube.api:2019-12-21 14:21:28,106:INFO:........Channel 53
a_data_processing.YouTube.api:2019-12-21 14:21:28,324:INFO:........Channel 54
a_data_processing.YouTube.api:2019-12-21 14:21:28,543:INFO:........Channel 55
a_data_processing.YouTube.api:2019-12-21 14:21:29,390:INFO:........Channel 56
a_data_processing.YouTube.api:2019-12-21 14:21:29,609:INFO:........Channel 57
a_data_processing.YouTube.api:2019-12-21 14:21:29,812:INFO:........Channel 58
a_data_processing.YouTube.api:2019-12-21 14:21:30,058:INFO:........Channel 59
a_data_processing.YouTube.api:2019-12-21 14:21:30,299:INFO:........Channel 60
a_data_processing.YouTube.api:2019-12-21 14:21:30,518:INFO:........Channel 61
a_data_processing.YouTube.api:2019-12-21 14:21:30,737:INFO:........Channel 62
a_data_processing.YouTube.api:2019-12-21 14:21:30,964:INFO:........Channel 63
a_data_processing.YouTube.api:2019-12-21 14:21:31,201:INFO:........Channel 64
a_data_processing.YouTube.api:2019-12-21 14:21:31,423:INFO:........Channel 65
a_data_processing.YouTube.api:2019-12-21 14:21:31,673:INFO:........Channel 66
a_data_processing.YouTube.api:2019-12-21 14:21:31,891:INFO:........Channel 67
a_data_processing.YouTube.api:2019-12-21 14:21:32,128:INFO:........Channel 68
a_data_processing.YouTube.api:2019-12-21 14:21:32,339:INFO:........Channel 69
a_data_processing.YouTube.api:2019-12-21 14:21:32,574:INFO:........Channel 70
a_data_processing.YouTube.api:2019-12-21 14:21:32,792:INFO:........Channel 71
a_data_processing.YouTube.api:2019-12-21 14:21:33,022:INFO:........Channel 72
a_data_processing.YouTube.api:2019-12-21 14:21:33,233:INFO:........Channel 73
a_data_processing.YouTube.api:2019-12-21 14:21:33,449:INFO:........Channel 74
a_data_processing.YouTube.api:2019-12-21 14:21:33,653:INFO:........Channel 75
a_data_processing.YouTube.api:2019-12-21 14:21:33,871:INFO:........Channel 76
a_data_processing.YouTube.api:2019-12-21 14:21:34,083:INFO:........Channel 77
a_data_processing.YouTube.api:2019-12-21 14:21:34,293:INFO:........Channel 78
a_data_processing.YouTube.api:2019-12-21 14:21:34,496:INFO:........Channel 79
a_data_processing.YouTube.api:2019-12-21 14:21:34,699:INFO:........Channel 80
a_data_processing.YouTube.api:2019-12-21 14:21:34,929:INFO:........Channel 81
a_data_processing.YouTube.api:2019-12-21 14:21:35,248:INFO:........Channel 82
a_data_processing.YouTube.api:2019-12-21 14:21:35,453:INFO:........Channel 83
a_data_processing.YouTube.api:2019-12-21 14:21:35,687:INFO:........Channel 84
a_data_processing.YouTube.api:2019-12-21 14:21:35,905:INFO:........Channel 85
a_data_processing.YouTube.api:2019-12-21 14:21:36,109:INFO:........Channel 86
a_data_processing.YouTube.api:2019-12-21 14:21:36,329:INFO:........Channel 87
a_data_processing.YouTube.api:2019-12-21 14:21:36,547:INFO:........Channel 88
a_data_processing.YouTube.api:2019-12-21 14:21:36,766:INFO:........Channel 89
a_data_processing.YouTube.api:2019-12-21 14:21:36,988:INFO:........Channel 90
a_data_processing.YouTube.api:2019-12-21 14:21:37,206:INFO:........Channel 91
a_data_processing.YouTube.api:2019-12-21 14:21:37,426:INFO:........Channel 92
a_data_processing.YouTube.api:2019-12-21 14:21:37,645:INFO:........Channel 93
a_data_processing.YouTube.api:2019-12-21 14:21:37,849:INFO:........Channel 94
a_data_processing.YouTube.api:2019-12-21 14:21:38,090:INFO:........Channel 95
a_data_processing.YouTube.api:2019-12-21 14:21:38,286:INFO:........Channel 96
a_data_processing.YouTube.api:2019-12-21 14:21:38,490:INFO:........Channel 97
a_data_processing.YouTube.api:2019-12-21 14:21:38,725:INFO:........Channel 98
a_data_processing.YouTube.api:2019-12-21 14:21:38,949:INFO:........Channel 99
a_data_processing.YouTube.api:2019-12-21 14:21:39,166:INFO:........Channel 100
a_data_processing.YouTube.api:2019-12-21 14:21:39,376:INFO:........Channel 101
a_data_processing.YouTube.api:2019-12-21 14:21:39,595:INFO:........Channel 102
a_data_processing.YouTube.api:2019-12-21 14:21:39,814:INFO:........Channel 103
a_data_processing.YouTube.api:2019-12-21 14:21:40,033:INFO:........Channel 104
a_data_processing.YouTube.api:2019-12-21 14:21:40,264:INFO:........Channel 105
a_data_processing.YouTube.api:2019-12-21 14:21:40,498:INFO:........Channel 106
a_data_processing.YouTube.api:2019-12-21 14:21:40,716:INFO:........Channel 107
a_data_processing.YouTube.api:2019-12-21 14:21:40,927:INFO:........Channel 108
a_data_processing.YouTube.api:2019-12-21 14:21:41,142:INFO:........Channel 109
a_data_processing.YouTube.api:2019-12-21 14:21:41,356:INFO:........Channel 110
a_data_processing.YouTube.api:2019-12-21 14:21:41,574:INFO:........Channel 111
a_data_processing.YouTube.api:2019-12-21 14:21:41,793:INFO:........Channel 112
a_data_processing.YouTube.api:2019-12-21 14:21:42,027:INFO:........Channel 113
a_data_processing.YouTube.api:2019-12-21 14:21:42,232:INFO:........Channel 114
a_data_processing.YouTube.api:2019-12-21 14:21:42,465:INFO:........Channel 115
a_data_processing.YouTube.api:2019-12-21 14:21:42,672:INFO:........Channel 116
a_data_processing.YouTube.api:2019-12-21 14:21:42,873:INFO:........Channel 117
a_data_processing.YouTube.api:2019-12-21 14:21:43,104:INFO:........Channel 118
a_data_processing.YouTube.api:2019-12-21 14:21:43,321:INFO:........Channel 119
a_data_processing.YouTube.api:2019-12-21 14:21:43,536:INFO:........Channel 120
a_data_processing.YouTube.api:2019-12-21 14:21:43,738:INFO:........Channel 121
a_data_processing.YouTube.api:2019-12-21 14:21:43,970:INFO:........Channel 122
a_data_processing.YouTube.api:2019-12-21 14:21:44,201:INFO:........Channel 123
a_data_processing.YouTube.api:2019-12-21 14:21:44,398:INFO:........Channel 124
a_data_processing.YouTube.api:2019-12-21 14:21:44,630:INFO:........Channel 125
a_data_processing.YouTube.api:2019-12-21 14:21:44,848:INFO:........Channel 126
a_data_processing.YouTube.api:2019-12-21 14:21:45,064:INFO:........Channel 127
a_data_processing.YouTube.api:2019-12-21 14:21:45,279:INFO:........Channel 128
a_data_processing.YouTube.api:2019-12-21 14:21:45,493:INFO:........Channel 129
a_data_processing.YouTube.api:2019-12-21 14:21:45,716:INFO:........Channel 130
a_data_processing.YouTube.api:2019-12-21 14:21:45,963:INFO:........Channel 131
a_data_processing.YouTube.api:2019-12-21 14:21:46,188:INFO:........Channel 132
a_data_processing.YouTube.api:2019-12-21 14:21:46,400:INFO:........Channel 133
a_data_processing.YouTube.api:2019-12-21 14:21:46,655:INFO:........Channel 134
a_data_processing.YouTube.api:2019-12-21 14:21:46,887:INFO:........Channel 135
a_data_processing.YouTube.api:2019-12-21 14:21:47,123:INFO:........Channel 136
a_data_processing.YouTube.api:2019-12-21 14:21:47,311:INFO:........Channel 137
a_data_processing.YouTube.api:2019-12-21 14:21:47,534:INFO:........Channel 138
a_data_processing.YouTube.api:2019-12-21 14:21:47,783:INFO:........Channel 139
a_data_processing.YouTube.api:2019-12-21 14:21:48,023:INFO:........Channel 140
a_data_processing.YouTube.api:2019-12-21 14:21:48,253:INFO:........Channel 141
a_data_processing.YouTube.api:2019-12-21 14:21:48,474:INFO:........Channel 142
a_data_processing.YouTube.api:2019-12-21 14:21:48,690:INFO:........Channel 143
a_data_processing.YouTube.api:2019-12-21 14:21:48,912:INFO:........Channel 144
a_data_processing.YouTube.api:2019-12-21 14:21:49,137:INFO:........Channel 145
a_data_processing.YouTube.api:2019-12-21 14:21:49,350:INFO:........Channel 146
a_data_processing.YouTube.api:2019-12-21 14:21:49,568:INFO:........Channel 147
a_data_processing.YouTube.api:2019-12-21 14:21:49,800:INFO:........Channel 148
a_data_processing.YouTube.api:2019-12-21 14:21:50,235:INFO:........Channel 149
a_data_processing.YouTube.api:2019-12-21 14:21:50,482:INFO:........Channel 150
a_data_processing.YouTube.api:2019-12-21 14:21:50,700:INFO:........Channel 151
a_data_processing.YouTube.api:2019-12-21 14:21:50,916:INFO:........Channel 152
a_data_processing.YouTube.api:2019-12-21 14:21:51,134:INFO:........Channel 153
a_data_processing.YouTube.api:2019-12-21 14:21:51,374:INFO:........Channel 154
a_data_processing.YouTube.api:2019-12-21 14:21:51,614:INFO:........Channel 155
a_data_processing.YouTube.api:2019-12-21 14:21:51,831:INFO:........Channel 156
a_data_processing.YouTube.api:2019-12-21 14:21:52,043:INFO:........Channel 157
a_data_processing.YouTube.api:2019-12-21 14:21:52,256:INFO:........Channel 158
a_data_processing.YouTube.api:2019-12-21 14:21:52,460:INFO:........Channel 159
a_data_processing.YouTube.api:2019-12-21 14:21:52,663:INFO:........Channel 160
a_data_processing.YouTube.api:2019-12-21 14:21:52,866:INFO:........Channel 161
a_data_processing.YouTube.api:2019-12-21 14:21:53,100:INFO:........Channel 162
a_data_processing.YouTube.api:2019-12-21 14:21:53,306:INFO:........Channel 163
a_data_processing.YouTube.api:2019-12-21 14:21:53,525:INFO:........Channel 164
a_data_processing.YouTube.api:2019-12-21 14:21:53,743:INFO:........Channel 165
a_data_processing.YouTube.api:2019-12-21 14:21:53,948:INFO:........Channel 166
a_data_processing.YouTube.api:2019-12-21 14:21:54,172:INFO:........Channel 167
a_data_processing.YouTube.api:2019-12-21 14:21:54,419:INFO:........Channel 168
a_data_processing.YouTube.api:2019-12-21 14:21:54,653:INFO:........Channel 169
a_data_processing.YouTube.api:2019-12-21 14:21:54,872:INFO:........Channel 170
a_data_processing.YouTube.api:2019-12-21 14:21:55,094:INFO:........Channel 171
a_data_processing.YouTube.api:2019-12-21 14:21:55,293:INFO:........Channel 172
a_data_processing.YouTube.api:2019-12-21 14:21:55,512:INFO:........Channel 173
a_data_processing.YouTube.api:2019-12-21 14:21:55,730:INFO:........Channel 174
a_data_processing.YouTube.api:2019-12-21 14:21:55,949:INFO:........Channel 175
a_data_processing.YouTube.api:2019-12-21 14:21:56,153:INFO:........Channel 176
a_data_processing.YouTube.api:2019-12-21 14:21:56,356:INFO:........Channel 177
a_data_processing.YouTube.api:2019-12-21 14:21:56,575:INFO:........Channel 178
a_data_processing.YouTube.api:2019-12-21 14:21:56,794:INFO:........Channel 179
a_data_processing.YouTube.api:2019-12-21 14:21:57,005:INFO:........Channel 180
a_data_processing.YouTube.api:2019-12-21 14:21:57,219:INFO:........Channel 181
a_data_processing.YouTube.api:2019-12-21 14:21:57,438:INFO:........Channel 182
a_data_processing.YouTube.api:2019-12-21 14:21:57,672:INFO:........Channel 183
a_data_processing.YouTube.api:2019-12-21 14:21:57,875:INFO:........Channel 184
a_data_processing.YouTube.api:2019-12-21 14:21:58,110:INFO:........Channel 185
a_data_processing.YouTube.api:2019-12-21 14:21:58,333:INFO:........Channel 186
a_data_processing.YouTube.api:2019-12-21 14:21:58,583:INFO:........Channel 187
a_data_processing.YouTube.api:2019-12-21 14:21:58,803:INFO:........Channel 188
a_data_processing.YouTube.api:2019-12-21 14:21:59,022:INFO:........Channel 189
a_data_processing.YouTube.api:2019-12-21 14:21:59,260:INFO:........Channel 190
a_data_processing.YouTube.api:2019-12-21 14:21:59,501:INFO:........Channel 191
a_data_processing.YouTube.api:2019-12-21 14:21:59,704:INFO:........Channel 192
a_data_processing.YouTube.api:2019-12-21 14:21:59,918:INFO:........Channel 193
a_data_processing.YouTube.api:2019-12-21 14:22:00,129:INFO:........Channel 194
a_data_processing.YouTube.api:2019-12-21 14:22:00,337:INFO:........Channel 195
a_data_processing.YouTube.api:2019-12-21 14:22:00,556:INFO:........Channel 196
a_data_processing.YouTube.api:2019-12-21 14:22:00,759:INFO:........Channel 197
a_data_processing.YouTube.api:2019-12-21 14:22:01,374:INFO:........Channel 198
a_data_processing.YouTube.api:2019-12-21 14:22:01,593:INFO:........Channel 199
a_data_processing.YouTube.api:2019-12-21 14:22:01,812:INFO:........Channel 200
a_data_processing.YouTube.main:2019-12-21 14:22:34,380:INFO:Starting YouTube API construct
a_data_processing.YouTube.main:2019-12-21 14:22:37,371:INFO:Starting process on trends, category 0 for country BR
a_data_processing.YouTube.api:2019-12-21 14:22:37,386:INFO:Initializing YouTube Api V3...
a_data_processing.YouTube.api:2019-12-21 14:22:37,386:INFO:Gathering user developer Key...
a_data_processing.YouTube.api:2019-12-21 14:22:38,795:INFO:Initializing api_manager
a_data_processing.YouTube.api:2019-12-21 14:22:38,795:INFO:Getting videos information from youtube...
a_data_processing.YouTube.api:2019-12-21 14:22:39,547:INFO:........Page 1
a_data_processing.YouTube.api:2019-12-21 14:22:40,439:INFO:........Page 2
a_data_processing.YouTube.api:2019-12-21 14:22:41,079:INFO:........Page 3
a_data_processing.YouTube.api:2019-12-21 14:22:41,819:INFO:........Page 4
a_data_processing.YouTube.api:2019-12-21 14:22:41,819:INFO:Getting channels information...
a_data_processing.YouTube.api:2019-12-21 14:22:41,819:INFO:........Channel 1
a_data_processing.YouTube.api:2019-12-21 14:22:42,019:INFO:........Channel 2
a_data_processing.YouTube.api:2019-12-21 14:22:42,216:INFO:........Channel 3
a_data_processing.YouTube.api:2019-12-21 14:22:42,434:INFO:........Channel 4
a_data_processing.YouTube.api:2019-12-21 14:22:42,638:INFO:........Channel 5
a_data_processing.YouTube.api:2019-12-21 14:22:43,092:INFO:........Channel 6
a_data_processing.YouTube.api:2019-12-21 14:22:43,294:INFO:........Channel 7
a_data_processing.YouTube.api:2019-12-21 14:22:43,528:INFO:........Channel 8
a_data_processing.YouTube.api:2019-12-21 14:22:43,763:INFO:........Channel 9
a_data_processing.YouTube.api:2019-12-21 14:22:43,968:INFO:........Channel 10
a_data_processing.YouTube.api:2019-12-21 14:22:44,165:INFO:........Channel 11
a_data_processing.YouTube.api:2019-12-21 14:22:44,384:INFO:........Channel 12
a_data_processing.YouTube.api:2019-12-21 14:22:44,602:INFO:........Channel 13
a_data_processing.YouTube.api:2019-12-21 14:22:44,822:INFO:........Channel 14
a_data_processing.YouTube.api:2019-12-21 14:22:45,048:INFO:........Channel 15
a_data_processing.YouTube.api:2019-12-21 14:22:45,261:INFO:........Channel 16
a_data_processing.YouTube.api:2019-12-21 14:22:45,480:INFO:........Channel 17
a_data_processing.YouTube.api:2019-12-21 14:22:45,824:INFO:........Channel 18
a_data_processing.YouTube.api:2019-12-21 14:22:46,032:INFO:........Channel 19
a_data_processing.YouTube.api:2019-12-21 14:22:46,235:INFO:........Channel 20
a_data_processing.YouTube.api:2019-12-21 14:22:46,469:INFO:........Channel 21
a_data_processing.YouTube.api:2019-12-21 14:22:46,688:INFO:........Channel 22
a_data_processing.YouTube.api:2019-12-21 14:22:46,891:INFO:........Channel 23
a_data_processing.YouTube.api:2019-12-21 14:22:47,132:INFO:........Channel 24
a_data_processing.YouTube.api:2019-12-21 14:22:47,333:INFO:........Channel 25
a_data_processing.YouTube.api:2019-12-21 14:22:52,558:INFO:........Channel 26
a_data_processing.YouTube.api:2019-12-21 14:22:52,761:INFO:........Channel 27
a_data_processing.YouTube.api:2019-12-21 14:22:53,104:INFO:........Channel 28
a_data_processing.YouTube.api:2019-12-21 14:22:53,437:INFO:........Channel 29
a_data_processing.YouTube.api:2019-12-21 14:22:53,641:INFO:........Channel 30
a_data_processing.YouTube.api:2019-12-21 14:22:53,875:INFO:........Channel 31
a_data_processing.YouTube.api:2019-12-21 14:22:54,104:INFO:........Channel 32
a_data_processing.YouTube.api:2019-12-21 14:22:54,330:INFO:........Channel 33
a_data_processing.YouTube.api:2019-12-21 14:22:54,658:INFO:........Channel 34
a_data_processing.YouTube.api:2019-12-21 14:22:54,877:INFO:........Channel 35
a_data_processing.YouTube.api:2019-12-21 14:22:55,105:INFO:........Channel 36
a_data_processing.YouTube.api:2019-12-21 14:22:55,315:INFO:........Channel 37
a_data_processing.YouTube.api:2019-12-21 14:22:55,519:INFO:........Channel 38
a_data_processing.YouTube.api:2019-12-21 14:22:55,770:INFO:........Channel 39
a_data_processing.YouTube.api:2019-12-21 14:22:55,970:INFO:........Channel 40
a_data_processing.YouTube.api:2019-12-21 14:22:56,172:INFO:........Channel 41
a_data_processing.YouTube.api:2019-12-21 14:22:56,387:INFO:........Channel 42
a_data_processing.YouTube.api:2019-12-21 14:22:56,591:INFO:........Channel 43
a_data_processing.YouTube.api:2019-12-21 14:22:56,887:INFO:........Channel 44
a_data_processing.YouTube.api:2019-12-21 14:22:57,093:INFO:........Channel 45
a_data_processing.YouTube.api:2019-12-21 14:22:57,309:INFO:........Channel 46
a_data_processing.YouTube.api:2019-12-21 14:22:57,512:INFO:........Channel 47
a_data_processing.YouTube.api:2019-12-21 14:22:57,747:INFO:........Channel 48
a_data_processing.YouTube.api:2019-12-21 14:22:57,981:INFO:........Channel 49
a_data_processing.YouTube.api:2019-12-21 14:22:58,196:INFO:........Channel 50
a_data_processing.YouTube.api:2019-12-21 14:22:58,434:INFO:........Channel 51
a_data_processing.YouTube.api:2019-12-21 14:22:58,637:INFO:........Channel 52
a_data_processing.YouTube.api:2019-12-21 14:22:58,841:INFO:........Channel 53
a_data_processing.YouTube.api:2019-12-21 14:22:59,118:INFO:........Channel 54
a_data_processing.YouTube.api:2019-12-21 14:22:59,324:INFO:........Channel 55
a_data_processing.YouTube.api:2019-12-21 14:22:59,526:INFO:........Channel 56
a_data_processing.YouTube.api:2019-12-21 14:22:59,871:INFO:........Channel 57
a_data_processing.YouTube.api:2019-12-21 14:23:00,086:INFO:........Channel 58
a_data_processing.YouTube.api:2019-12-21 14:23:00,297:INFO:........Channel 59
a_data_processing.YouTube.api:2019-12-21 14:23:00,500:INFO:........Channel 60
a_data_processing.YouTube.api:2019-12-21 14:23:00,719:INFO:........Channel 61
a_data_processing.YouTube.api:2019-12-21 14:23:00,937:INFO:........Channel 62
a_data_processing.YouTube.api:2019-12-21 14:23:01,158:INFO:........Channel 63
a_data_processing.YouTube.api:2019-12-21 14:23:01,365:INFO:........Channel 64
a_data_processing.YouTube.api:2019-12-21 14:23:01,583:INFO:........Channel 65
a_data_processing.YouTube.api:2019-12-21 14:23:01,802:INFO:........Channel 66
a_data_processing.YouTube.api:2019-12-21 14:23:02,028:INFO:........Channel 67
a_data_processing.YouTube.api:2019-12-21 14:23:02,254:INFO:........Channel 68
a_data_processing.YouTube.api:2019-12-21 14:23:02,471:INFO:........Channel 69
a_data_processing.YouTube.api:2019-12-21 14:23:02,689:INFO:........Channel 70
a_data_processing.YouTube.api:2019-12-21 14:23:02,918:INFO:........Channel 71
a_data_processing.YouTube.api:2019-12-21 14:23:03,133:INFO:........Channel 72
a_data_processing.YouTube.api:2019-12-21 14:23:03,353:INFO:........Channel 73
a_data_processing.YouTube.api:2019-12-21 14:23:03,572:INFO:........Channel 74
a_data_processing.YouTube.api:2019-12-21 14:23:03,775:INFO:........Channel 75
a_data_processing.YouTube.api:2019-12-21 14:23:04,052:INFO:........Channel 76
a_data_processing.YouTube.api:2019-12-21 14:23:04,259:INFO:........Channel 77
a_data_processing.YouTube.api:2019-12-21 14:23:04,478:INFO:........Channel 78
a_data_processing.YouTube.api:2019-12-21 14:23:04,681:INFO:........Channel 79
a_data_processing.YouTube.api:2019-12-21 14:23:04,900:INFO:........Channel 80
a_data_processing.YouTube.api:2019-12-21 14:23:05,113:INFO:........Channel 81
a_data_processing.YouTube.api:2019-12-21 14:23:05,324:INFO:........Channel 82
a_data_processing.YouTube.api:2019-12-21 14:23:05,543:INFO:........Channel 83
a_data_processing.YouTube.api:2019-12-21 14:23:05,761:INFO:........Channel 84
a_data_processing.YouTube.api:2019-12-21 14:23:05,992:INFO:........Channel 85
a_data_processing.YouTube.api:2019-12-21 14:23:06,231:INFO:........Channel 86
a_data_processing.YouTube.api:2019-12-21 14:23:06,419:INFO:........Channel 87
a_data_processing.YouTube.api:2019-12-21 14:23:06,637:INFO:........Channel 88
a_data_processing.YouTube.api:2019-12-21 14:23:06,856:INFO:........Channel 89
a_data_processing.YouTube.api:2019-12-21 14:23:07,075:INFO:........Channel 90
a_data_processing.YouTube.api:2019-12-21 14:23:07,267:INFO:........Channel 91
a_data_processing.YouTube.api:2019-12-21 14:23:07,548:INFO:........Channel 92
a_data_processing.YouTube.api:2019-12-21 14:23:07,784:INFO:........Channel 93
a_data_processing.YouTube.api:2019-12-21 14:23:08,209:INFO:........Channel 94
a_data_processing.YouTube.api:2019-12-21 14:23:08,411:INFO:........Channel 95
a_data_processing.YouTube.api:2019-12-21 14:23:08,630:INFO:........Channel 96
a_data_processing.YouTube.api:2019-12-21 14:23:08,864:INFO:........Channel 97
a_data_processing.YouTube.api:2019-12-21 14:23:09,106:INFO:........Channel 98
a_data_processing.YouTube.api:2019-12-21 14:23:09,315:INFO:........Channel 99
a_data_processing.YouTube.api:2019-12-21 14:23:09,518:INFO:........Channel 100
a_data_processing.YouTube.api:2019-12-21 14:23:09,753:INFO:........Channel 101
a_data_processing.YouTube.api:2019-12-21 14:23:09,966:INFO:........Channel 102
a_data_processing.YouTube.api:2019-12-21 14:23:10,188:INFO:........Channel 103
a_data_processing.YouTube.api:2019-12-21 14:23:10,399:INFO:........Channel 104
a_data_processing.YouTube.api:2019-12-21 14:23:10,603:INFO:........Channel 105
a_data_processing.YouTube.api:2019-12-21 14:23:10,852:INFO:........Channel 106
a_data_processing.YouTube.api:2019-12-21 14:23:11,075:INFO:........Channel 107
a_data_processing.YouTube.api:2019-12-21 14:23:11,280:INFO:........Channel 108
a_data_processing.YouTube.api:2019-12-21 14:23:11,484:INFO:........Channel 109
a_data_processing.YouTube.api:2019-12-21 14:23:11,703:INFO:........Channel 110
a_data_processing.YouTube.api:2019-12-21 14:23:11,921:INFO:........Channel 111
a_data_processing.YouTube.api:2019-12-21 14:23:12,136:INFO:........Channel 112
a_data_processing.YouTube.api:2019-12-21 14:23:12,340:INFO:........Channel 113
a_data_processing.YouTube.api:2019-12-21 14:23:12,558:INFO:........Channel 114
a_data_processing.YouTube.api:2019-12-21 14:23:12,761:INFO:........Channel 115
a_data_processing.YouTube.api:2019-12-21 14:23:12,999:INFO:........Channel 116
a_data_processing.YouTube.api:2019-12-21 14:23:13,218:INFO:........Channel 117
a_data_processing.YouTube.api:2019-12-21 14:23:13,422:INFO:........Channel 118
a_data_processing.YouTube.api:2019-12-21 14:23:13,656:INFO:........Channel 119
a_data_processing.YouTube.api:2019-12-21 14:23:13,876:INFO:........Channel 120
a_data_processing.YouTube.api:2019-12-21 14:23:14,109:INFO:........Channel 121
a_data_processing.YouTube.api:2019-12-21 14:23:14,343:INFO:........Channel 122
a_data_processing.YouTube.api:2019-12-21 14:23:14,547:INFO:........Channel 123
a_data_processing.YouTube.api:2019-12-21 14:23:14,767:INFO:........Channel 124
a_data_processing.YouTube.api:2019-12-21 14:23:14,976:INFO:........Channel 125
a_data_processing.YouTube.api:2019-12-21 14:23:15,209:INFO:........Channel 126
a_data_processing.YouTube.api:2019-12-21 14:23:15,425:INFO:........Channel 127
a_data_processing.YouTube.api:2019-12-21 14:23:15,659:INFO:........Channel 128
a_data_processing.YouTube.api:2019-12-21 14:23:15,878:INFO:........Channel 129
a_data_processing.YouTube.api:2019-12-21 14:23:16,094:INFO:........Channel 130
a_data_processing.YouTube.api:2019-12-21 14:23:16,301:INFO:........Channel 131
a_data_processing.YouTube.api:2019-12-21 14:23:16,505:INFO:........Channel 132
a_data_processing.YouTube.api:2019-12-21 14:23:16,723:INFO:........Channel 133
a_data_processing.YouTube.api:2019-12-21 14:23:16,940:INFO:........Channel 134
a_data_processing.YouTube.api:2019-12-21 14:23:17,148:INFO:........Channel 135
a_data_processing.YouTube.api:2019-12-21 14:23:17,354:INFO:........Channel 136
a_data_processing.YouTube.api:2019-12-21 14:23:17,588:INFO:........Channel 137
a_data_processing.YouTube.api:2019-12-21 14:23:17,822:INFO:........Channel 138
a_data_processing.YouTube.api:2019-12-21 14:23:18,038:INFO:........Channel 139
a_data_processing.YouTube.api:2019-12-21 14:23:18,265:INFO:........Channel 140
a_data_processing.YouTube.api:2019-12-21 14:23:18,469:INFO:........Channel 141
a_data_processing.YouTube.api:2019-12-21 14:23:18,703:INFO:........Channel 142
a_data_processing.YouTube.api:2019-12-21 14:23:18,921:INFO:........Channel 143
a_data_processing.YouTube.api:2019-12-21 14:23:19,197:INFO:........Channel 144
a_data_processing.YouTube.api:2019-12-21 14:23:19,431:INFO:........Channel 145
a_data_processing.YouTube.api:2019-12-21 14:23:19,634:INFO:........Channel 146
a_data_processing.YouTube.api:2019-12-21 14:23:19,852:INFO:........Channel 147
a_data_processing.YouTube.api:2019-12-21 14:23:20,083:INFO:........Channel 148
a_data_processing.YouTube.api:2019-12-21 14:23:20,292:INFO:........Channel 149
a_data_processing.YouTube.api:2019-12-21 14:23:20,511:INFO:........Channel 150
a_data_processing.YouTube.api:2019-12-21 14:23:20,731:INFO:........Channel 151
a_data_processing.YouTube.api:2019-12-21 14:23:20,966:INFO:........Channel 152
a_data_processing.YouTube.api:2019-12-21 14:23:21,176:INFO:........Channel 153
a_data_processing.YouTube.api:2019-12-21 14:23:21,392:INFO:........Channel 154
a_data_processing.YouTube.api:2019-12-21 14:23:21,626:INFO:........Channel 155
a_data_processing.YouTube.api:2019-12-21 14:23:21,845:INFO:........Channel 156
a_data_processing.YouTube.api:2019-12-21 14:23:22,094:INFO:........Channel 157
a_data_processing.YouTube.api:2019-12-21 14:23:22,327:INFO:........Channel 158
a_data_processing.YouTube.api:2019-12-21 14:23:22,528:INFO:........Channel 159
a_data_processing.YouTube.api:2019-12-21 14:23:22,744:INFO:........Channel 160
a_data_processing.YouTube.api:2019-12-21 14:23:22,970:INFO:........Channel 161
a_data_processing.YouTube.api:2019-12-21 14:23:23,186:INFO:........Channel 162
a_data_processing.YouTube.api:2019-12-21 14:23:23,390:INFO:........Channel 163
a_data_processing.YouTube.api:2019-12-21 14:23:23,607:INFO:........Channel 164
a_data_processing.YouTube.api:2019-12-21 14:23:23,824:INFO:........Channel 165
a_data_processing.YouTube.api:2019-12-21 14:23:24,041:INFO:........Channel 166
a_data_processing.YouTube.api:2019-12-21 14:23:24,242:INFO:........Channel 167
a_data_processing.YouTube.api:2019-12-21 14:23:24,458:INFO:........Channel 168
a_data_processing.YouTube.api:2019-12-21 14:23:24,660:INFO:........Channel 169
a_data_processing.YouTube.api:2019-12-21 14:23:24,877:INFO:........Channel 170
a_data_processing.YouTube.api:2019-12-21 14:23:25,109:INFO:........Channel 171
a_data_processing.YouTube.api:2019-12-21 14:23:25,322:INFO:........Channel 172
a_data_processing.YouTube.api:2019-12-21 14:23:25,570:INFO:........Channel 173
a_data_processing.YouTube.api:2019-12-21 14:23:25,787:INFO:........Channel 174
a_data_processing.YouTube.api:2019-12-21 14:23:26,042:INFO:........Channel 175
a_data_processing.YouTube.api:2019-12-21 14:23:26,260:INFO:........Channel 176
a_data_processing.YouTube.api:2019-12-21 14:23:26,501:INFO:........Channel 177
a_data_processing.YouTube.api:2019-12-21 14:23:26,718:INFO:........Channel 178
a_data_processing.YouTube.api:2019-12-21 14:23:26,945:INFO:........Channel 179
a_data_processing.YouTube.api:2019-12-21 14:23:27,153:INFO:........Channel 180
a_data_processing.YouTube.api:2019-12-21 14:23:27,397:INFO:........Channel 181
a_data_processing.YouTube.api:2019-12-21 14:23:27,614:INFO:........Channel 182
a_data_processing.YouTube.api:2019-12-21 14:23:27,837:INFO:........Channel 183
a_data_processing.YouTube.api:2019-12-21 14:23:28,098:INFO:........Channel 184
a_data_processing.YouTube.api:2019-12-21 14:23:28,310:INFO:........Channel 185
a_data_processing.YouTube.api:2019-12-21 14:23:28,511:INFO:........Channel 186
a_data_processing.YouTube.api:2019-12-21 14:23:28,727:INFO:........Channel 187
a_data_processing.YouTube.api:2019-12-21 14:23:28,947:INFO:........Channel 188
a_data_processing.YouTube.api:2019-12-21 14:23:29,171:INFO:........Channel 189
a_data_processing.YouTube.api:2019-12-21 14:23:29,376:INFO:........Channel 190
a_data_processing.YouTube.api:2019-12-21 14:23:29,593:INFO:........Channel 191
a_data_processing.YouTube.api:2019-12-21 14:23:29,809:INFO:........Channel 192
a_data_processing.YouTube.api:2019-12-21 14:23:30,027:INFO:........Channel 193
a_data_processing.YouTube.api:2019-12-21 14:23:30,242:INFO:........Channel 194
a_data_processing.YouTube.api:2019-12-21 14:23:30,450:INFO:........Channel 195
a_data_processing.YouTube.api:2019-12-21 14:23:30,672:INFO:........Channel 196
a_data_processing.YouTube.api:2019-12-21 14:23:30,890:INFO:........Channel 197
a_data_processing.YouTube.api:2019-12-21 14:23:31,110:INFO:........Channel 198
a_data_processing.YouTube.api:2019-12-21 14:23:31,326:INFO:........Channel 199
a_data_processing.YouTube.api:2019-12-21 14:23:31,543:INFO:........Channel 200
a_data_processing.YouTube.api:2019-12-21 14:23:31,760:INFO:Download of Raw Data completed at Sat Dec 21 14:23:31 2019
a_data_processing.YouTube.main:2019-12-21 14:23:31,760:INFO:Download of Raw Data completed
a_data_processing.YouTube.filters:2019-12-21 14:23:31,760:INFO:Filtering videos data junk...
a_data_processing.YouTube.filters:2019-12-21 14:23:31,775:INFO:Filtering channel data junk...
a_data_processing.YouTube.partial_web_scrapping:2019-12-21 14:23:31,775:INFO:Initializing manual web scrapping process...
a_data_processing.YouTube.partial_web_scrapping:2019-12-21 14:23:31,775:INFO:........Getting Video 1 time duration
a_data_processing.YouTube.partial_web_scrapping:2019-12-21 14:23:35,345:INFO:........Getting Video 2 time duration
a_data_processing.YouTube.partial_web_scrapping:2019-12-21 14:23:37,896:INFO:........Getting Video 3 time duration
a_data_processing.YouTube.partial_web_scrapping:2019-12-21 14:23:39,879:INFO:........Getting Video 4 time duration
a_data_processing.YouTube.partial_web_scrapping:2019-12-21 14:23:41,871:INFO:........Getting Video 5 time duration
a_data_processing.YouTube.partial_web_scrapping:2019-12-21 14:23:44,013:INFO:........Getting Video 6 time duration
a_data_processing.YouTube.partial_web_scrapping:2019-12-21 14:23:47,608:INFO:........Getting Video 7 time duration
a_data_processing.YouTube.partial_web_scrapping:2019-12-21 14:23:49,930:INFO:........Getting Video 8 time duration
a_data_processing.YouTube.partial_web_scrapping:2019-12-21 14:23:51,953:INFO:........Getting Video 9 time duration
a_data_processing.YouTube.partial_web_scrapping:2019-12-21 14:23:53,916:INFO:........Getting Video 10 time duration
a_data_processing.YouTube.partial_web_scrapping:2019-12-21 14:23:55,839:INFO:........Getting Video 11 time duration
a_data_processing.YouTube.partial_web_scrapping:2019-12-21 14:23:57,720:INFO:........Getting Video 12 time duration
a_data_processing.YouTube.partial_web_scrapping:2019-12-21 14:23:59,864:INFO:........Getting Video 13 time duration
a_data_processing.YouTube.partial_web_scrapping:2019-12-21 14:24:01,939:INFO:........Getting Video 14 time duration
a_data_processing.YouTube.partial_web_scrapping:2019-12-21 14:24:04,701:INFO:........Getting Video 15 time duration
a_data_processing.YouTube.partial_web_scrapping:2019-12-21 14:24:07,263:INFO:........Getting Video 16 time duration
a_data_processing.YouTube.partial_web_scrapping:2019-12-21 14:24:09,635:INFO:........Getting Video 17 time duration
a_data_processing.YouTube.partial_web_scrapping:2019-12-21 14:24:13,156:INFO:........Getting Video 18 time duration
a_data_processing.YouTube.partial_web_scrapping:2019-12-21 14:24:15,544:INFO:........Getting Video 19 time duration
a_data_processing.YouTube.partial_web_scrapping:2019-12-21 14:24:19,028:INFO:........Getting Video 20 time duration
a_data_processing.YouTube.partial_web_scrapping:2019-12-21 14:24:21,263:INFO:........Getting Video 21 time duration
a_data_processing.YouTube.partial_web_scrapping:2019-12-21 14:24:25,221:INFO:........Getting Video 22 time duration
a_data_processing.YouTube.partial_web_scrapping:2019-12-21 14:24:29,899:INFO:........Getting Video 23 time duration
a_data_processing.YouTube.partial_web_scrapping:2019-12-21 14:24:34,949:INFO:........Getting Video 24 time duration
a_data_processing.YouTube.partial_web_scrapping:2019-12-21 14:24:36,872:INFO:........Getting Video 25 time duration
a_data_processing.YouTube.partial_web_scrapping:2019-12-21 14:24:39,252:INFO:........Getting Video 26 time duration
a_data_processing.YouTube.partial_web_scrapping:2019-12-21 14:24:43,808:INFO:........Getting Video 27 time duration
a_data_processing.YouTube.partial_web_scrapping:2019-12-21 14:24:45,937:INFO:........Getting Video 28 time duration
a_data_processing.YouTube.partial_web_scrapping:2019-12-21 14:24:50,511:INFO:........Getting Video 29 time duration
a_data_processing.YouTube.partial_web_scrapping:2019-12-21 14:24:54,843:INFO:........Getting Video 30 time duration
a_data_processing.YouTube.partial_web_scrapping:2019-12-21 14:24:57,498:INFO:........Getting Video 31 time duration
a_data_processing.YouTube.partial_web_scrapping:2019-12-21 14:25:09,794:INFO:........Getting Video 32 time duration
a_data_processing.YouTube.partial_web_scrapping:2019-12-21 14:25:12,022:INFO:........Getting Video 33 time duration
a_data_processing.YouTube.partial_web_scrapping:2019-12-21 14:25:15,948:INFO:........Getting Video 34 time duration
a_data_processing.YouTube.partial_web_scrapping:2019-12-21 14:25:19,372:INFO:........Getting Video 35 time duration
a_data_processing.YouTube.partial_web_scrapping:2019-12-21 14:25:21,581:INFO:........Getting Video 36 time duration
a_data_processing.YouTube.partial_web_scrapping:2019-12-21 14:25:24,116:INFO:........Getting Video 37 time duration
a_data_processing.YouTube.partial_web_scrapping:2019-12-21 14:25:26,420:INFO:........Getting Video 38 time duration
a_data_processing.YouTube.partial_web_scrapping:2019-12-21 14:25:28,519:INFO:........Getting Video 39 time duration
a_data_processing.YouTube.partial_web_scrapping:2019-12-21 14:25:30,824:INFO:........Getting Video 40 time duration
a_data_processing.YouTube.partial_web_scrapping:2019-12-21 14:25:35,767:INFO:........Getting Video 41 time duration
a_data_processing.YouTube.partial_web_scrapping:2019-12-21 14:25:38,134:INFO:........Getting Video 42 time duration
a_data_processing.YouTube.partial_web_scrapping:2019-12-21 14:25:41,073:INFO:........Getting Video 43 time duration
a_data_processing.YouTube.partial_web_scrapping:2019-12-21 14:25:44,406:INFO:........Getting Video 44 time duration
a_data_processing.YouTube.partial_web_scrapping:2019-12-21 14:25:46,635:INFO:........Getting Video 45 time duration
a_data_processing.YouTube.partial_web_scrapping:2019-12-21 14:25:50,671:INFO:........Getting Video 46 time duration
a_data_processing.YouTube.partial_web_scrapping:2019-12-21 14:25:52,913:INFO:........Getting Video 47 time duration
a_data_processing.YouTube.partial_web_scrapping:2019-12-21 14:25:56,674:INFO:........Getting Video 48 time duration
a_data_processing.YouTube.partial_web_scrapping:2019-12-21 14:25:59,241:INFO:........Getting Video 49 time duration
a_data_processing.YouTube.partial_web_scrapping:2019-12-21 14:26:01,446:INFO:........Getting Video 50 time duration
a_data_processing.YouTube.main:2019-12-21 14:32:05,109:INFO:Starting YouTube API construct
a_data_processing.YouTube.main:2019-12-21 14:32:14,801:INFO:Starting YouTube API construct
a_data_processing.YouTube.main:2019-12-21 14:32:17,688:INFO:Starting process on trends, category 0 for country BR
a_data_processing.YouTube.api:2019-12-21 14:32:17,688:INFO:Initializing YouTube Api V3...
a_data_processing.YouTube.api:2019-12-21 14:32:17,688:INFO:Gathering user developer Key...
a_data_processing.YouTube.api:2019-12-21 14:32:19,132:INFO:Initializing api_manager
a_data_processing.YouTube.api:2019-12-21 14:32:19,132:INFO:Getting videos information from youtube...
a_data_processing.YouTube.api:2019-12-21 14:32:19,841:INFO:........Page 1
a_data_processing.YouTube.api:2019-12-21 14:32:20,532:INFO:........Page 2
a_data_processing.YouTube.api:2019-12-21 14:32:21,113:INFO:........Page 3
a_data_processing.YouTube.api:2019-12-21 14:32:21,755:INFO:........Page 4
a_data_processing.YouTube.api:2019-12-21 14:32:21,755:INFO:Getting channels information...
a_data_processing.YouTube.api:2019-12-21 14:32:21,755:INFO:........Channel 1
a_data_processing.YouTube.api:2019-12-21 14:32:21,996:INFO:........Channel 2
a_data_processing.YouTube.api:2019-12-21 14:32:22,231:INFO:........Channel 3
a_data_processing.YouTube.api:2019-12-21 14:32:22,458:INFO:........Channel 4
a_data_processing.YouTube.api:2019-12-21 14:32:22,676:INFO:........Channel 5
a_data_processing.YouTube.api:2019-12-21 14:32:22,910:INFO:........Channel 6
a_data_processing.YouTube.api:2019-12-21 14:32:23,147:INFO:........Channel 7
a_data_processing.YouTube.api:2019-12-21 14:32:23,371:INFO:........Channel 8
a_data_processing.YouTube.api:2019-12-21 14:32:23,590:INFO:........Channel 9
a_data_processing.YouTube.api:2019-12-21 14:32:23,824:INFO:........Channel 10
a_data_processing.YouTube.api:2019-12-21 14:32:24,118:INFO:........Channel 11
a_data_processing.YouTube.api:2019-12-21 14:32:24,330:INFO:........Channel 12
a_data_processing.YouTube.api:2019-12-21 14:32:24,564:INFO:........Channel 13
a_data_processing.YouTube.api:2019-12-21 14:32:24,783:INFO:........Channel 14
a_data_processing.YouTube.api:2019-12-21 14:32:24,998:INFO:........Channel 15
a_data_processing.YouTube.api:2019-12-21 14:32:25,210:INFO:........Channel 16
a_data_processing.YouTube.api:2019-12-21 14:32:25,421:INFO:........Channel 17
a_data_processing.YouTube.api:2019-12-21 14:32:25,640:INFO:........Channel 18
a_data_processing.YouTube.api:2019-12-21 14:32:25,843:INFO:........Channel 19
a_data_processing.YouTube.api:2019-12-21 14:32:26,067:INFO:........Channel 20
a_data_processing.YouTube.api:2019-12-21 14:32:26,278:INFO:........Channel 21
a_data_processing.YouTube.api:2019-12-21 14:32:26,481:INFO:........Channel 22
a_data_processing.YouTube.api:2019-12-21 14:32:26,730:INFO:........Channel 23
a_data_processing.YouTube.api:2019-12-21 14:32:26,938:INFO:........Channel 24
a_data_processing.YouTube.api:2019-12-21 14:32:27,141:INFO:........Channel 25
a_data_processing.YouTube.api:2019-12-21 14:32:27,360:INFO:........Channel 26
a_data_processing.YouTube.api:2019-12-21 14:32:27,579:INFO:........Channel 27
a_data_processing.YouTube.api:2019-12-21 14:32:27,782:INFO:........Channel 28
a_data_processing.YouTube.api:2019-12-21 14:32:28,056:INFO:........Channel 29
a_data_processing.YouTube.api:2019-12-21 14:32:28,268:INFO:........Channel 30
a_data_processing.YouTube.api:2019-12-21 14:32:28,502:INFO:........Channel 31
a_data_processing.YouTube.api:2019-12-21 14:32:28,752:INFO:........Channel 32
a_data_processing.YouTube.api:2019-12-21 14:32:28,971:INFO:........Channel 33
a_data_processing.YouTube.api:2019-12-21 14:32:29,180:INFO:........Channel 34
a_data_processing.YouTube.api:2019-12-21 14:32:29,395:INFO:........Channel 35
a_data_processing.YouTube.api:2019-12-21 14:32:29,598:INFO:........Channel 36
a_data_processing.YouTube.api:2019-12-21 14:32:29,801:INFO:........Channel 37
a_data_processing.YouTube.api:2019-12-21 14:32:30,017:INFO:........Channel 38
a_data_processing.YouTube.api:2019-12-21 14:32:30,245:INFO:........Channel 39
a_data_processing.YouTube.api:2019-12-21 14:32:30,464:INFO:........Channel 40
a_data_processing.YouTube.api:2019-12-21 14:32:30,682:INFO:........Channel 41
a_data_processing.YouTube.api:2019-12-21 14:32:30,917:INFO:........Channel 42
a_data_processing.YouTube.api:2019-12-21 14:32:31,158:INFO:........Channel 43
a_data_processing.YouTube.api:2019-12-21 14:32:31,356:INFO:........Channel 44
a_data_processing.YouTube.api:2019-12-21 14:32:31,575:INFO:........Channel 45
a_data_processing.YouTube.api:2019-12-21 14:32:31,809:INFO:........Channel 46
a_data_processing.YouTube.api:2019-12-21 14:32:32,021:INFO:........Channel 47
a_data_processing.YouTube.api:2019-12-21 14:32:32,230:INFO:........Channel 48
a_data_processing.YouTube.api:2019-12-21 14:32:32,434:INFO:........Channel 49
a_data_processing.YouTube.api:2019-12-21 14:32:32,653:INFO:........Channel 50
a_data_processing.YouTube.api:2019-12-21 14:32:32,872:INFO:........Channel 51
a_data_processing.YouTube.api:2019-12-21 14:32:33,106:INFO:........Channel 52
a_data_processing.YouTube.api:2019-12-21 14:32:33,311:INFO:........Channel 53
a_data_processing.YouTube.api:2019-12-21 14:32:33,529:INFO:........Channel 54
a_data_processing.YouTube.api:2019-12-21 14:32:33,779:INFO:........Channel 55
a_data_processing.YouTube.api:2019-12-21 14:32:33,991:INFO:........Channel 56
a_data_processing.YouTube.api:2019-12-21 14:32:34,206:INFO:........Channel 57
a_data_processing.YouTube.api:2019-12-21 14:32:34,471:INFO:........Channel 58
a_data_processing.YouTube.api:2019-12-21 14:32:34,689:INFO:........Channel 59
a_data_processing.YouTube.api:2019-12-21 14:32:34,927:INFO:........Channel 60
a_data_processing.YouTube.api:2019-12-21 14:32:35,151:INFO:........Channel 61
a_data_processing.YouTube.api:2019-12-21 14:32:35,426:INFO:........Channel 62
a_data_processing.YouTube.api:2019-12-21 14:32:35,629:INFO:........Channel 63
a_data_processing.YouTube.api:2019-12-21 14:32:35,832:INFO:........Channel 64
a_data_processing.YouTube.api:2019-12-21 14:32:36,057:INFO:........Channel 65
a_data_processing.YouTube.api:2019-12-21 14:32:36,287:INFO:........Channel 66
a_data_processing.YouTube.api:2019-12-21 14:32:36,506:INFO:........Channel 67
a_data_processing.YouTube.api:2019-12-21 14:32:36,724:INFO:........Channel 68
a_data_processing.YouTube.api:2019-12-21 14:32:36,954:INFO:........Channel 69
a_data_processing.YouTube.api:2019-12-21 14:32:37,160:INFO:........Channel 70
a_data_processing.YouTube.api:2019-12-21 14:32:37,373:INFO:........Channel 71
a_data_processing.YouTube.api:2019-12-21 14:32:37,592:INFO:........Channel 72
a_data_processing.YouTube.api:2019-12-21 14:32:37,811:INFO:........Channel 73
a_data_processing.YouTube.api:2019-12-21 14:32:38,038:INFO:........Channel 74
a_data_processing.YouTube.api:2019-12-21 14:32:38,263:INFO:........Channel 75
a_data_processing.YouTube.api:2019-12-21 14:32:38,481:INFO:........Channel 76
a_data_processing.YouTube.api:2019-12-21 14:32:38,700:INFO:........Channel 77
a_data_processing.YouTube.api:2019-12-21 14:32:38,922:INFO:........Channel 78
a_data_processing.YouTube.api:2019-12-21 14:32:39,148:INFO:........Channel 79
a_data_processing.YouTube.api:2019-12-21 14:32:39,350:INFO:........Channel 80
a_data_processing.YouTube.api:2019-12-21 14:32:39,553:INFO:........Channel 81
a_data_processing.YouTube.api:2019-12-21 14:32:39,772:INFO:........Channel 82
a_data_processing.YouTube.api:2019-12-21 14:32:40,000:INFO:........Channel 83
a_data_processing.YouTube.api:2019-12-21 14:32:40,199:INFO:........Channel 84
a_data_processing.YouTube.api:2019-12-21 14:32:40,449:INFO:........Channel 85
a_data_processing.YouTube.api:2019-12-21 14:32:40,667:INFO:........Channel 86
a_data_processing.YouTube.api:2019-12-21 14:32:40,886:INFO:........Channel 87
a_data_processing.YouTube.api:2019-12-21 14:32:41,109:INFO:........Channel 88
a_data_processing.YouTube.api:2019-12-21 14:32:41,343:INFO:........Channel 89
a_data_processing.YouTube.api:2019-12-21 14:32:41,531:INFO:........Channel 90
a_data_processing.YouTube.api:2019-12-21 14:32:41,765:INFO:........Channel 91
a_data_processing.YouTube.api:2019-12-21 14:32:41,975:INFO:........Channel 92
a_data_processing.YouTube.api:2019-12-21 14:32:42,186:INFO:........Channel 93
a_data_processing.YouTube.api:2019-12-21 14:32:42,412:INFO:........Channel 94
a_data_processing.YouTube.api:2019-12-21 14:32:42,646:INFO:........Channel 95
a_data_processing.YouTube.api:2019-12-21 14:32:42,880:INFO:........Channel 96
a_data_processing.YouTube.api:2019-12-21 14:32:43,118:INFO:........Channel 97
a_data_processing.YouTube.api:2019-12-21 14:32:43,346:INFO:........Channel 98
a_data_processing.YouTube.api:2019-12-21 14:32:43,566:INFO:........Channel 99
a_data_processing.YouTube.api:2019-12-21 14:32:43,785:INFO:........Channel 100
a_data_processing.YouTube.api:2019-12-21 14:32:43,994:INFO:........Channel 101
a_data_processing.YouTube.api:2019-12-21 14:32:44,196:INFO:........Channel 102
a_data_processing.YouTube.api:2019-12-21 14:32:44,431:INFO:........Channel 103
a_data_processing.YouTube.api:2019-12-21 14:32:44,665:INFO:........Channel 104
a_data_processing.YouTube.api:2019-12-21 14:32:44,884:INFO:........Channel 105
a_data_processing.YouTube.api:2019-12-21 14:32:50,148:INFO:........Channel 106
a_data_processing.YouTube.api:2019-12-21 14:32:50,586:INFO:........Channel 107
a_data_processing.YouTube.api:2019-12-21 14:32:50,789:INFO:........Channel 108
a_data_processing.YouTube.api:2019-12-21 14:32:51,004:INFO:........Channel 109
a_data_processing.YouTube.api:2019-12-21 14:32:51,245:INFO:........Channel 110
a_data_processing.YouTube.api:2019-12-21 14:32:51,464:INFO:........Channel 111
a_data_processing.YouTube.api:2019-12-21 14:32:51,714:INFO:........Channel 112
a_data_processing.YouTube.api:2019-12-21 14:32:51,963:INFO:........Channel 113
a_data_processing.YouTube.api:2019-12-21 14:32:52,177:INFO:........Channel 114
a_data_processing.YouTube.api:2019-12-21 14:32:52,373:INFO:........Channel 115
a_data_processing.YouTube.api:2019-12-21 14:32:52,592:INFO:........Channel 116
a_data_processing.YouTube.api:2019-12-21 14:32:52,811:INFO:........Channel 117
a_data_processing.YouTube.api:2019-12-21 14:32:53,031:INFO:........Channel 118
a_data_processing.YouTube.api:2019-12-21 14:32:53,253:INFO:........Channel 119
a_data_processing.YouTube.api:2019-12-21 14:32:53,481:INFO:........Channel 120
a_data_processing.YouTube.api:2019-12-21 14:32:53,715:INFO:........Channel 121
a_data_processing.YouTube.api:2019-12-21 14:32:53,939:INFO:........Channel 122
a_data_processing.YouTube.api:2019-12-21 14:32:54,155:INFO:........Channel 123
a_data_processing.YouTube.api:2019-12-21 14:32:54,358:INFO:........Channel 124
a_data_processing.YouTube.api:2019-12-21 14:32:54,593:INFO:........Channel 125
a_data_processing.YouTube.api:2019-12-21 14:32:54,811:INFO:........Channel 126
a_data_processing.YouTube.api:2019-12-21 14:32:55,030:INFO:........Channel 127
a_data_processing.YouTube.api:2019-12-21 14:32:55,265:INFO:........Channel 128
a_data_processing.YouTube.api:2019-12-21 14:32:55,468:INFO:........Channel 129
a_data_processing.YouTube.api:2019-12-21 14:32:55,718:INFO:........Channel 130
a_data_processing.YouTube.api:2019-12-21 14:32:55,936:INFO:........Channel 131
a_data_processing.YouTube.api:2019-12-21 14:32:56,149:INFO:........Channel 132
a_data_processing.YouTube.api:2019-12-21 14:32:56,358:INFO:........Channel 133
a_data_processing.YouTube.api:2019-12-21 14:32:56,561:INFO:........Channel 134
a_data_processing.YouTube.api:2019-12-21 14:32:56,794:INFO:........Channel 135
a_data_processing.YouTube.api:2019-12-21 14:32:56,994:INFO:........Channel 136
a_data_processing.YouTube.api:2019-12-21 14:32:57,211:INFO:........Channel 137
a_data_processing.YouTube.api:2019-12-21 14:32:57,436:INFO:........Channel 138
a_data_processing.YouTube.api:2019-12-21 14:32:57,639:INFO:........Channel 139
a_data_processing.YouTube.api:2019-12-21 14:32:57,858:INFO:........Channel 140
a_data_processing.YouTube.api:2019-12-21 14:32:58,098:INFO:........Channel 141
a_data_processing.YouTube.api:2019-12-21 14:32:58,340:INFO:........Channel 142
a_data_processing.YouTube.api:2019-12-21 14:32:58,559:INFO:........Channel 143
a_data_processing.YouTube.api:2019-12-21 14:32:58,794:INFO:........Channel 144
a_data_processing.YouTube.api:2019-12-21 14:32:59,054:INFO:........Channel 145
a_data_processing.YouTube.api:2019-12-21 14:32:59,262:INFO:........Channel 146
a_data_processing.YouTube.api:2019-12-21 14:32:59,450:INFO:........Channel 147
a_data_processing.YouTube.api:2019-12-21 14:32:59,669:INFO:........Channel 148
a_data_processing.YouTube.api:2019-12-21 14:32:59,912:INFO:........Channel 149
a_data_processing.YouTube.api:2019-12-21 14:33:00,124:INFO:........Channel 150
a_data_processing.YouTube.api:2019-12-21 14:33:00,342:INFO:........Channel 151
a_data_processing.YouTube.api:2019-12-21 14:33:00,810:INFO:........Channel 152
a_data_processing.YouTube.api:2019-12-21 14:33:01,011:INFO:........Channel 153
a_data_processing.YouTube.api:2019-12-21 14:33:01,231:INFO:........Channel 154
a_data_processing.YouTube.api:2019-12-21 14:33:01,449:INFO:........Channel 155
a_data_processing.YouTube.api:2019-12-21 14:33:01,653:INFO:........Channel 156
a_data_processing.YouTube.api:2019-12-21 14:33:01,872:INFO:........Channel 157
a_data_processing.YouTube.api:2019-12-21 14:33:02,126:INFO:........Channel 158
a_data_processing.YouTube.api:2019-12-21 14:33:02,344:INFO:........Channel 159
a_data_processing.YouTube.api:2019-12-21 14:33:02,563:INFO:........Channel 160
a_data_processing.YouTube.api:2019-12-21 14:33:02,875:INFO:........Channel 161
a_data_processing.YouTube.api:2019-12-21 14:33:03,082:INFO:........Channel 162
a_data_processing.YouTube.api:2019-12-21 14:33:03,298:INFO:........Channel 163
a_data_processing.YouTube.api:2019-12-21 14:33:03,502:INFO:........Channel 164
a_data_processing.YouTube.api:2019-12-21 14:33:03,721:INFO:........Channel 165
a_data_processing.YouTube.api:2019-12-21 14:33:03,956:INFO:........Channel 166
a_data_processing.YouTube.api:2019-12-21 14:33:04,176:INFO:........Channel 167
a_data_processing.YouTube.api:2019-12-21 14:33:04,438:INFO:........Channel 168
a_data_processing.YouTube.api:2019-12-21 14:33:04,641:INFO:........Channel 169
a_data_processing.YouTube.api:2019-12-21 14:33:04,860:INFO:........Channel 170
a_data_processing.YouTube.api:2019-12-21 14:33:05,081:INFO:........Channel 171
a_data_processing.YouTube.api:2019-12-21 14:33:05,290:INFO:........Channel 172
a_data_processing.YouTube.api:2019-12-21 14:33:05,494:INFO:........Channel 173
a_data_processing.YouTube.api:2019-12-21 14:33:05,712:INFO:........Channel 174
a_data_processing.YouTube.api:2019-12-21 14:33:05,935:INFO:........Channel 175
a_data_processing.YouTube.api:2019-12-21 14:33:06,151:INFO:........Channel 176
a_data_processing.YouTube.api:2019-12-21 14:33:06,359:INFO:........Channel 177
a_data_processing.YouTube.api:2019-12-21 14:33:06,609:INFO:........Channel 178
a_data_processing.YouTube.api:2019-12-21 14:33:06,828:INFO:........Channel 179
a_data_processing.YouTube.api:2019-12-21 14:33:07,050:INFO:........Channel 180
a_data_processing.YouTube.api:2019-12-21 14:33:07,259:INFO:........Channel 181
a_data_processing.YouTube.api:2019-12-21 14:33:07,478:INFO:........Channel 182
a_data_processing.YouTube.api:2019-12-21 14:33:07,712:INFO:........Channel 183
a_data_processing.YouTube.api:2019-12-21 14:33:07,925:INFO:........Channel 184
a_data_processing.YouTube.api:2019-12-21 14:33:08,152:INFO:........Channel 185
a_data_processing.YouTube.api:2019-12-21 14:33:08,355:INFO:........Channel 186
a_data_processing.YouTube.api:2019-12-21 14:33:08,590:INFO:........Channel 187
a_data_processing.YouTube.api:2019-12-21 14:33:08,809:INFO:........Channel 188
a_data_processing.YouTube.api:2019-12-21 14:33:09,057:INFO:........Channel 189
a_data_processing.YouTube.api:2019-12-21 14:33:09,281:INFO:........Channel 190
a_data_processing.YouTube.api:2019-12-21 14:33:09,515:INFO:........Channel 191
a_data_processing.YouTube.api:2019-12-21 14:33:09,719:INFO:........Channel 192
a_data_processing.YouTube.api:2019-12-21 14:33:09,946:INFO:........Channel 193
a_data_processing.YouTube.api:2019-12-21 14:33:10,197:INFO:........Channel 194
a_data_processing.YouTube.api:2019-12-21 14:33:10,408:INFO:........Channel 195
a_data_processing.YouTube.api:2019-12-21 14:33:10,658:INFO:........Channel 196
a_data_processing.YouTube.api:2019-12-21 14:33:10,982:INFO:........Channel 197
a_data_processing.YouTube.api:2019-12-21 14:33:11,201:INFO:........Channel 198
a_data_processing.YouTube.api:2019-12-21 14:33:11,443:INFO:........Channel 199
a_data_processing.YouTube.api:2019-12-21 14:33:11,661:INFO:........Channel 200
a_data_processing.YouTube.api:2019-12-21 14:33:11,879:INFO:Download of Raw Data completed at Sat Dec 21 14:33:11 2019
a_data_processing.YouTube.main:2019-12-21 14:33:11,879:INFO:Download of Raw Data completed
a_data_processing.YouTube.filters:2019-12-21 14:33:11,879:INFO:Filtering videos data junk...
a_data_processing.YouTube.filters:2019-12-21 14:33:11,879:INFO:Filtering channel data junk...
a_data_processing.YouTube.partial_web_scrapping:2019-12-21 14:33:11,879:INFO:Initializing manual web scrapping process...
a_data_processing.YouTube.partial_web_scrapping:2019-12-21 14:33:11,879:INFO:........Getting Video 1 time duration
a_data_processing.YouTube.partial_web_scrapping:2019-12-21 14:33:13,925:INFO:........Getting Video 2 time duration
a_data_processing.YouTube.partial_web_scrapping:2019-12-21 14:33:16,362:INFO:........Getting Video 3 time duration
a_data_processing.YouTube.partial_web_scrapping:2019-12-21 14:33:18,285:INFO:........Getting Video 4 time duration
a_data_processing.YouTube.partial_web_scrapping:2019-12-21 14:33:20,146:INFO:........Getting Video 5 time duration
a_data_processing.YouTube.partial_web_scrapping:2019-12-21 14:33:22,240:INFO:........Getting Video 6 time duration
a_data_processing.YouTube.partial_web_scrapping:2019-12-21 14:33:25,571:INFO:........Getting Video 7 time duration
a_data_processing.YouTube.partial_web_scrapping:2019-12-21 14:33:27,790:INFO:........Getting Video 8 time duration
a_data_processing.YouTube.partial_web_scrapping:2019-12-21 14:33:29,876:INFO:........Getting Video 9 time duration
a_data_processing.YouTube.partial_web_scrapping:2019-12-21 14:33:31,982:INFO:........Getting Video 10 time duration
a_data_processing.YouTube.partial_web_scrapping:2019-12-21 14:33:33,840:INFO:........Getting Video 11 time duration
a_data_processing.YouTube.partial_web_scrapping:2019-12-21 14:33:35,716:INFO:........Getting Video 12 time duration
a_data_processing.YouTube.partial_web_scrapping:2019-12-21 14:33:37,752:INFO:........Getting Video 13 time duration
a_data_processing.YouTube.partial_web_scrapping:2019-12-21 14:33:39,672:INFO:........Getting Video 14 time duration
a_data_processing.YouTube.partial_web_scrapping:2019-12-21 14:33:42,405:INFO:........Getting Video 15 time duration
a_data_processing.YouTube.partial_web_scrapping:2019-12-21 14:33:44,485:INFO:........Getting Video 16 time duration
a_data_processing.YouTube.partial_web_scrapping:2019-12-21 14:33:46,865:INFO:........Getting Video 17 time duration
a_data_processing.YouTube.partial_web_scrapping:2019-12-21 14:33:50,404:INFO:........Getting Video 18 time duration
a_data_processing.YouTube.partial_web_scrapping:2019-12-21 14:33:52,721:INFO:........Getting Video 19 time duration
a_data_processing.YouTube.partial_web_scrapping:2019-12-21 14:33:54,963:INFO:........Getting Video 20 time duration
a_data_processing.YouTube.partial_web_scrapping:2019-12-21 14:33:57,357:INFO:........Getting Video 21 time duration
a_data_processing.YouTube.partial_web_scrapping:2019-12-21 14:34:01,403:INFO:........Getting Video 22 time duration
a_data_processing.YouTube.partial_web_scrapping:2019-12-21 14:34:06,378:INFO:........Getting Video 23 time duration
a_data_processing.YouTube.partial_web_scrapping:2019-12-21 14:34:08,652:INFO:........Getting Video 24 time duration
a_data_processing.YouTube.partial_web_scrapping:2019-12-21 14:34:10,420:INFO:........Getting Video 25 time duration
a_data_processing.YouTube.partial_web_scrapping:2019-12-21 14:34:15,947:INFO:........Getting Video 26 time duration
a_data_processing.YouTube.partial_web_scrapping:2019-12-21 14:34:21,231:INFO:........Getting Video 27 time duration
a_data_processing.YouTube.partial_web_scrapping:2019-12-21 14:34:23,435:INFO:........Getting Video 28 time duration
a_data_processing.YouTube.partial_web_scrapping:2019-12-21 14:34:27,814:INFO:........Getting Video 29 time duration
a_data_processing.YouTube.partial_web_scrapping:2019-12-21 14:34:30,375:INFO:........Getting Video 30 time duration
a_data_processing.YouTube.partial_web_scrapping:2019-12-21 14:34:33,451:INFO:........Getting Video 31 time duration
a_data_processing.YouTube.partial_web_scrapping:2019-12-21 14:34:36,014:INFO:........Getting Video 32 time duration
a_data_processing.YouTube.partial_web_scrapping:2019-12-21 14:34:38,276:INFO:........Getting Video 33 time duration
a_data_processing.YouTube.partial_web_scrapping:2019-12-21 14:34:42,608:INFO:........Getting Video 34 time duration
a_data_processing.YouTube.partial_web_scrapping:2019-12-21 14:34:44,980:INFO:........Getting Video 35 time duration
a_data_processing.YouTube.partial_web_scrapping:2019-12-21 14:34:47,043:INFO:........Getting Video 36 time duration
a_data_processing.YouTube.partial_web_scrapping:2019-12-21 14:34:49,426:INFO:........Getting Video 37 time duration
a_data_processing.YouTube.partial_web_scrapping:2019-12-21 14:34:51,749:INFO:........Getting Video 38 time duration
a_data_processing.YouTube.partial_web_scrapping:2019-12-21 14:34:53,856:INFO:........Getting Video 39 time duration
a_data_processing.YouTube.partial_web_scrapping:2019-12-21 14:34:56,139:INFO:........Getting Video 40 time duration
a_data_processing.YouTube.partial_web_scrapping:2019-12-21 14:35:00,512:INFO:........Getting Video 41 time duration
a_data_processing.YouTube.partial_web_scrapping:2019-12-21 14:35:03,035:INFO:........Getting Video 42 time duration
a_data_processing.YouTube.partial_web_scrapping:2019-12-21 14:35:05,343:INFO:........Getting Video 43 time duration
a_data_processing.YouTube.partial_web_scrapping:2019-12-21 14:35:08,809:INFO:........Getting Video 44 time duration
a_data_processing.YouTube.partial_web_scrapping:2019-12-21 14:35:11,063:INFO:........Getting Video 45 time duration
a_data_processing.YouTube.partial_web_scrapping:2019-12-21 14:35:14,968:INFO:........Getting Video 46 time duration
a_data_processing.YouTube.partial_web_scrapping:2019-12-21 14:35:17,116:INFO:........Getting Video 47 time duration
a_data_processing.YouTube.partial_web_scrapping:2019-12-21 14:35:20,656:INFO:........Getting Video 48 time duration
a_data_processing.YouTube.partial_web_scrapping:2019-12-21 14:35:25,012:INFO:........Getting Video 49 time duration
a_data_processing.YouTube.partial_web_scrapping:2019-12-21 14:35:27,335:INFO:........Getting Video 50 time duration
a_data_processing.YouTube.filters:2019-12-21 14:35:29,240:INFO:Creating dictionary from the data...
a_data_processing.YouTube.filters:2019-12-21 14:35:29,250:INFO:Applying string corrections...
a_data_processing.YouTube.main:2019-12-21 14:35:29,250:INFO:Data munging completed
a_data_processing.YouTube.writer:2019-12-21 14:35:29,250:INFO:Converting data into .JSON format...
a_data_processing.YouTube.writer:2019-12-21 14:35:29,250:INFO:Writing data in file...
a_data_processing.YouTube.main:2019-12-21 14:48:10,460:INFO:Starting YouTube API construct
a_data_processing.YouTube.main:2019-12-21 14:48:16,031:INFO:Starting process on trends, category 0 for country BR
a_data_processing.YouTube.api:2019-12-21 14:48:16,031:INFO:Initializing YouTube Api V3...
a_data_processing.YouTube.api:2019-12-21 14:48:16,034:INFO:Gathering user developer Key...
a_data_processing.YouTube.api:2019-12-21 14:48:16,847:INFO:Initializing api_manager
a_data_processing.YouTube.api:2019-12-21 14:48:16,847:INFO:Getting videos information from youtube...
a_data_processing.YouTube.api:2019-12-21 14:48:17,483:INFO:........Page 1
a_data_processing.YouTube.api:2019-12-21 14:48:18,024:INFO:........Page 2
a_data_processing.YouTube.api:2019-12-21 14:48:18,839:INFO:........Page 3
a_data_processing.YouTube.api:2019-12-21 14:48:19,637:INFO:........Page 4
a_data_processing.YouTube.api:2019-12-21 14:48:19,637:INFO:Getting channels information...
a_data_processing.YouTube.api:2019-12-21 14:48:19,637:INFO:........Channel 1
a_data_processing.YouTube.api:2019-12-21 14:48:19,881:INFO:........Channel 2
a_data_processing.YouTube.api:2019-12-21 14:48:20,112:INFO:........Channel 3
a_data_processing.YouTube.api:2019-12-21 14:48:20,349:INFO:........Channel 4
a_data_processing.YouTube.api:2019-12-21 14:48:20,586:INFO:........Channel 5
a_data_processing.YouTube.api:2019-12-21 14:48:20,804:INFO:........Channel 6
a_data_processing.YouTube.api:2019-12-21 14:48:21,075:INFO:........Channel 7
a_data_processing.YouTube.api:2019-12-21 14:48:21,284:INFO:........Channel 8
a_data_processing.YouTube.api:2019-12-21 14:48:21,494:INFO:........Channel 9
a_data_processing.YouTube.api:2019-12-21 14:48:21,736:INFO:........Channel 10
a_data_processing.YouTube.api:2019-12-21 14:48:21,959:INFO:........Channel 11
a_data_processing.YouTube.api:2019-12-21 14:48:22,213:INFO:........Channel 12
a_data_processing.YouTube.api:2019-12-21 14:48:22,424:INFO:........Channel 13
a_data_processing.YouTube.api:2019-12-21 14:48:22,647:INFO:........Channel 14
a_data_processing.YouTube.api:2019-12-21 14:48:22,848:INFO:........Channel 15
a_data_processing.YouTube.api:2019-12-21 14:48:23,065:INFO:........Channel 16
a_data_processing.YouTube.api:2019-12-21 14:48:23,286:INFO:........Channel 17
a_data_processing.YouTube.api:2019-12-21 14:48:23,500:INFO:........Channel 18
a_data_processing.YouTube.api:2019-12-21 14:48:23,724:INFO:........Channel 19
a_data_processing.YouTube.api:2019-12-21 14:48:23,957:INFO:........Channel 20
a_data_processing.YouTube.api:2019-12-21 14:48:24,172:INFO:........Channel 21
a_data_processing.YouTube.api:2019-12-21 14:48:24,383:INFO:........Channel 22
a_data_processing.YouTube.api:2019-12-21 14:48:24,598:INFO:........Channel 23
a_data_processing.YouTube.api:2019-12-21 14:48:24,817:INFO:........Channel 24
a_data_processing.YouTube.api:2019-12-21 14:48:25,057:INFO:........Channel 25
a_data_processing.YouTube.api:2019-12-21 14:48:25,263:INFO:........Channel 26
a_data_processing.YouTube.api:2019-12-21 14:48:25,469:INFO:........Channel 27
a_data_processing.YouTube.api:2019-12-21 14:48:25,684:INFO:........Channel 28
a_data_processing.YouTube.api:2019-12-21 14:48:25,896:INFO:........Channel 29
a_data_processing.YouTube.api:2019-12-21 14:48:26,129:INFO:........Channel 30
a_data_processing.YouTube.api:2019-12-21 14:48:26,340:INFO:........Channel 31
a_data_processing.YouTube.api:2019-12-21 14:48:26,569:INFO:........Channel 32
a_data_processing.YouTube.api:2019-12-21 14:48:26,786:INFO:........Channel 33
a_data_processing.YouTube.api:2019-12-21 14:48:27,003:INFO:........Channel 34
a_data_processing.YouTube.api:2019-12-21 14:48:27,207:INFO:........Channel 35
a_data_processing.YouTube.api:2019-12-21 14:48:27,426:INFO:........Channel 36
a_data_processing.YouTube.api:2019-12-21 14:48:27,644:INFO:........Channel 37
a_data_processing.YouTube.api:2019-12-21 14:48:27,891:INFO:........Channel 38
a_data_processing.YouTube.api:2019-12-21 14:48:28,121:INFO:........Channel 39
a_data_processing.YouTube.api:2019-12-21 14:48:28,376:INFO:........Channel 40
a_data_processing.YouTube.api:2019-12-21 14:48:28,581:INFO:........Channel 41
a_data_processing.YouTube.api:2019-12-21 14:48:28,815:INFO:........Channel 42
a_data_processing.YouTube.api:2019-12-21 14:48:29,032:INFO:........Channel 43
a_data_processing.YouTube.api:2019-12-21 14:48:29,251:INFO:........Channel 44
a_data_processing.YouTube.api:2019-12-21 14:48:29,470:INFO:........Channel 45
a_data_processing.YouTube.api:2019-12-21 14:48:29,686:INFO:........Channel 46
a_data_processing.YouTube.api:2019-12-21 14:48:29,898:INFO:........Channel 47
a_data_processing.YouTube.api:2019-12-21 14:48:30,115:INFO:........Channel 48
a_data_processing.YouTube.api:2019-12-21 14:48:30,345:INFO:........Channel 49
a_data_processing.YouTube.api:2019-12-21 14:48:30,555:INFO:........Channel 50
a_data_processing.YouTube.api:2019-12-21 14:48:30,758:INFO:........Channel 51
a_data_processing.YouTube.api:2019-12-21 14:48:30,990:INFO:........Channel 52
a_data_processing.YouTube.api:2019-12-21 14:48:31,228:INFO:........Channel 53
a_data_processing.YouTube.api:2019-12-21 14:48:31,444:INFO:........Channel 54
a_data_processing.YouTube.api:2019-12-21 14:48:31,656:INFO:........Channel 55
a_data_processing.YouTube.api:2019-12-21 14:48:31,859:INFO:........Channel 56
a_data_processing.YouTube.api:2019-12-21 14:48:32,064:INFO:........Channel 57
a_data_processing.YouTube.api:2019-12-21 14:48:32,271:INFO:........Channel 58
a_data_processing.YouTube.api:2019-12-21 14:48:32,510:INFO:........Channel 59
a_data_processing.YouTube.api:2019-12-21 14:48:32,740:INFO:........Channel 60
a_data_processing.YouTube.api:2019-12-21 14:48:32,963:INFO:........Channel 61
a_data_processing.YouTube.api:2019-12-21 14:48:33,230:INFO:........Channel 62
a_data_processing.YouTube.api:2019-12-21 14:48:33,446:INFO:........Channel 63
a_data_processing.YouTube.api:2019-12-21 14:48:33,660:INFO:........Channel 64
a_data_processing.YouTube.api:2019-12-21 14:48:33,862:INFO:........Channel 65
a_data_processing.YouTube.api:2019-12-21 14:48:34,104:INFO:........Channel 66
a_data_processing.YouTube.api:2019-12-21 14:48:34,311:INFO:........Channel 67
a_data_processing.YouTube.api:2019-12-21 14:48:34,538:INFO:........Channel 68
a_data_processing.YouTube.api:2019-12-21 14:48:34,745:INFO:........Channel 69
a_data_processing.YouTube.api:2019-12-21 14:48:34,966:INFO:........Channel 70
a_data_processing.YouTube.api:2019-12-21 14:48:35,208:INFO:........Channel 71
a_data_processing.YouTube.api:2019-12-21 14:48:35,417:INFO:........Channel 72
a_data_processing.YouTube.api:2019-12-21 14:48:35,637:INFO:........Channel 73
a_data_processing.YouTube.api:2019-12-21 14:48:35,885:INFO:........Channel 74
a_data_processing.YouTube.api:2019-12-21 14:48:36,085:INFO:........Channel 75
a_data_processing.YouTube.api:2019-12-21 14:48:36,331:INFO:........Channel 76
a_data_processing.YouTube.api:2019-12-21 14:48:36,550:INFO:........Channel 77
a_data_processing.YouTube.api:2019-12-21 14:48:36,751:INFO:........Channel 78
a_data_processing.YouTube.api:2019-12-21 14:48:36,974:INFO:........Channel 79
a_data_processing.YouTube.api:2019-12-21 14:48:37,187:INFO:........Channel 80
a_data_processing.YouTube.api:2019-12-21 14:48:37,408:INFO:........Channel 81
a_data_processing.YouTube.api:2019-12-21 14:48:37,601:INFO:........Channel 82
a_data_processing.YouTube.api:2019-12-21 14:48:37,817:INFO:........Channel 83
a_data_processing.YouTube.api:2019-12-21 14:48:38,037:INFO:........Channel 84
a_data_processing.YouTube.api:2019-12-21 14:48:38,343:INFO:........Channel 85
a_data_processing.YouTube.api:2019-12-21 14:48:38,568:INFO:........Channel 86
a_data_processing.YouTube.api:2019-12-21 14:48:38,787:INFO:........Channel 87
a_data_processing.YouTube.api:2019-12-21 14:48:39,035:INFO:........Channel 88
a_data_processing.YouTube.api:2019-12-21 14:48:39,259:INFO:........Channel 89
a_data_processing.YouTube.api:2019-12-21 14:48:39,454:INFO:........Channel 90
a_data_processing.YouTube.api:2019-12-21 14:48:39,679:INFO:........Channel 91
a_data_processing.YouTube.api:2019-12-21 14:48:39,900:INFO:........Channel 92
a_data_processing.YouTube.api:2019-12-21 14:48:40,118:INFO:........Channel 93
a_data_processing.YouTube.api:2019-12-21 14:48:40,343:INFO:........Channel 94
a_data_processing.YouTube.api:2019-12-21 14:48:40,561:INFO:........Channel 95
a_data_processing.YouTube.api:2019-12-21 14:48:40,784:INFO:........Channel 96
a_data_processing.YouTube.api:2019-12-21 14:48:41,009:INFO:........Channel 97
a_data_processing.YouTube.api:2019-12-21 14:48:41,239:INFO:........Channel 98
a_data_processing.YouTube.api:2019-12-21 14:48:41,481:INFO:........Channel 99
a_data_processing.YouTube.api:2019-12-21 14:48:41,725:INFO:........Channel 100
a_data_processing.YouTube.api:2019-12-21 14:48:41,931:INFO:........Channel 101
a_data_processing.YouTube.api:2019-12-21 14:48:42,152:INFO:........Channel 102
a_data_processing.YouTube.api:2019-12-21 14:48:42,383:INFO:........Channel 103
a_data_processing.YouTube.api:2019-12-21 14:48:42,616:INFO:........Channel 104
a_data_processing.YouTube.api:2019-12-21 14:48:42,864:INFO:........Channel 105
a_data_processing.YouTube.api:2019-12-21 14:48:43,082:INFO:........Channel 106
a_data_processing.YouTube.api:2019-12-21 14:48:43,308:INFO:........Channel 107
a_data_processing.YouTube.api:2019-12-21 14:48:43,518:INFO:........Channel 108
a_data_processing.YouTube.api:2019-12-21 14:48:43,736:INFO:........Channel 109
a_data_processing.YouTube.api:2019-12-21 14:48:43,957:INFO:........Channel 110
a_data_processing.YouTube.api:2019-12-21 14:48:44,188:INFO:........Channel 111
a_data_processing.YouTube.api:2019-12-21 14:48:44,412:INFO:........Channel 112
a_data_processing.YouTube.api:2019-12-21 14:48:44,641:INFO:........Channel 113
a_data_processing.YouTube.api:2019-12-21 14:48:44,858:INFO:........Channel 114
a_data_processing.YouTube.api:2019-12-21 14:48:45,088:INFO:........Channel 115
a_data_processing.YouTube.api:2019-12-21 14:48:45,308:INFO:........Channel 116
a_data_processing.YouTube.api:2019-12-21 14:48:45,524:INFO:........Channel 117
a_data_processing.YouTube.api:2019-12-21 14:48:45,741:INFO:........Channel 118
a_data_processing.YouTube.api:2019-12-21 14:48:45,962:INFO:........Channel 119
a_data_processing.YouTube.api:2019-12-21 14:48:46,172:INFO:........Channel 120
a_data_processing.YouTube.api:2019-12-21 14:48:46,389:INFO:........Channel 121
a_data_processing.YouTube.api:2019-12-21 14:48:46,612:INFO:........Channel 122
a_data_processing.YouTube.api:2019-12-21 14:48:46,833:INFO:........Channel 123
a_data_processing.YouTube.api:2019-12-21 14:48:47,101:INFO:........Channel 124
a_data_processing.YouTube.api:2019-12-21 14:48:47,321:INFO:........Channel 125
a_data_processing.YouTube.api:2019-12-21 14:48:47,542:INFO:........Channel 126
a_data_processing.YouTube.api:2019-12-21 14:48:47,764:INFO:........Channel 127
a_data_processing.YouTube.api:2019-12-21 14:48:47,976:INFO:........Channel 128
a_data_processing.YouTube.api:2019-12-21 14:48:48,215:INFO:........Channel 129
a_data_processing.YouTube.api:2019-12-21 14:48:48,431:INFO:........Channel 130
a_data_processing.YouTube.api:2019-12-21 14:48:48,636:INFO:........Channel 131
a_data_processing.YouTube.api:2019-12-21 14:48:48,855:INFO:........Channel 132
a_data_processing.YouTube.api:2019-12-21 14:48:49,061:INFO:........Channel 133
a_data_processing.YouTube.api:2019-12-21 14:48:49,281:INFO:........Channel 134
a_data_processing.YouTube.api:2019-12-21 14:48:49,505:INFO:........Channel 135
a_data_processing.YouTube.api:2019-12-21 14:48:49,739:INFO:........Channel 136
a_data_processing.YouTube.api:2019-12-21 14:48:49,966:INFO:........Channel 137
a_data_processing.YouTube.api:2019-12-21 14:48:50,189:INFO:........Channel 138
a_data_processing.YouTube.api:2019-12-21 14:48:50,408:INFO:........Channel 139
a_data_processing.YouTube.api:2019-12-21 14:48:50,620:INFO:........Channel 140
a_data_processing.YouTube.api:2019-12-21 14:48:50,850:INFO:........Channel 141
a_data_processing.YouTube.api:2019-12-21 14:48:51,064:INFO:........Channel 142
a_data_processing.YouTube.api:2019-12-21 14:48:51,283:INFO:........Channel 143
a_data_processing.YouTube.api:2019-12-21 14:48:51,496:INFO:........Channel 144
a_data_processing.YouTube.api:2019-12-21 14:48:51,731:INFO:........Channel 145
a_data_processing.YouTube.api:2019-12-21 14:48:51,947:INFO:........Channel 146
a_data_processing.YouTube.api:2019-12-21 14:48:52,167:INFO:........Channel 147
a_data_processing.YouTube.api:2019-12-21 14:48:52,363:INFO:........Channel 148
a_data_processing.YouTube.api:2019-12-21 14:48:52,566:INFO:........Channel 149
a_data_processing.YouTube.api:2019-12-21 14:48:52,788:INFO:........Channel 150
a_data_processing.YouTube.api:2019-12-21 14:48:52,998:INFO:........Channel 151
a_data_processing.YouTube.api:2019-12-21 14:48:53,217:INFO:........Channel 152
a_data_processing.YouTube.api:2019-12-21 14:48:53,433:INFO:........Channel 153
a_data_processing.YouTube.api:2019-12-21 14:48:53,655:INFO:........Channel 154
a_data_processing.YouTube.api:2019-12-21 14:48:53,859:INFO:........Channel 155
a_data_processing.YouTube.api:2019-12-21 14:48:54,077:INFO:........Channel 156
a_data_processing.YouTube.api:2019-12-21 14:48:54,308:INFO:........Channel 157
a_data_processing.YouTube.api:2019-12-21 14:48:54,540:INFO:........Channel 158
a_data_processing.YouTube.api:2019-12-21 14:48:54,765:INFO:........Channel 159
a_data_processing.YouTube.api:2019-12-21 14:48:54,965:INFO:........Channel 160
a_data_processing.YouTube.api:2019-12-21 14:48:55,361:INFO:........Channel 161
a_data_processing.YouTube.api:2019-12-21 14:48:55,579:INFO:........Channel 162
a_data_processing.YouTube.api:2019-12-21 14:48:55,896:INFO:........Channel 163
a_data_processing.YouTube.api:2019-12-21 14:48:56,120:INFO:........Channel 164
a_data_processing.YouTube.api:2019-12-21 14:48:56,339:INFO:........Channel 165
a_data_processing.YouTube.api:2019-12-21 14:48:56,569:INFO:........Channel 166
a_data_processing.YouTube.api:2019-12-21 14:48:56,783:INFO:........Channel 167
a_data_processing.YouTube.api:2019-12-21 14:48:57,043:INFO:........Channel 168
a_data_processing.YouTube.api:2019-12-21 14:48:57,274:INFO:........Channel 169
a_data_processing.YouTube.api:2019-12-21 14:48:57,490:INFO:........Channel 170
a_data_processing.YouTube.api:2019-12-21 14:48:57,719:INFO:........Channel 171
a_data_processing.YouTube.api:2019-12-21 14:48:57,923:INFO:........Channel 172
a_data_processing.YouTube.api:2019-12-21 14:48:58,135:INFO:........Channel 173
a_data_processing.YouTube.api:2019-12-21 14:48:58,350:INFO:........Channel 174
a_data_processing.YouTube.api:2019-12-21 14:48:58,556:INFO:........Channel 175
a_data_processing.YouTube.api:2019-12-21 14:48:58,772:INFO:........Channel 176
a_data_processing.YouTube.api:2019-12-21 14:48:59,005:INFO:........Channel 177
a_data_processing.YouTube.api:2019-12-21 14:48:59,231:INFO:........Channel 178
a_data_processing.YouTube.api:2019-12-21 14:48:59,454:INFO:........Channel 179
a_data_processing.YouTube.api:2019-12-21 14:48:59,668:INFO:........Channel 180
a_data_processing.YouTube.api:2019-12-21 14:48:59,882:INFO:........Channel 181
a_data_processing.YouTube.api:2019-12-21 14:49:00,082:INFO:........Channel 182
a_data_processing.YouTube.api:2019-12-21 14:49:00,299:INFO:........Channel 183
a_data_processing.YouTube.api:2019-12-21 14:49:00,506:INFO:........Channel 184
a_data_processing.YouTube.api:2019-12-21 14:49:00,752:INFO:........Channel 185
a_data_processing.YouTube.api:2019-12-21 14:49:00,981:INFO:........Channel 186
a_data_processing.YouTube.api:2019-12-21 14:49:01,195:INFO:........Channel 187
a_data_processing.YouTube.api:2019-12-21 14:49:01,398:INFO:........Channel 188
a_data_processing.YouTube.api:2019-12-21 14:49:01,605:INFO:........Channel 189
a_data_processing.YouTube.api:2019-12-21 14:49:01,811:INFO:........Channel 190
a_data_processing.YouTube.api:2019-12-21 14:49:02,029:INFO:........Channel 191
a_data_processing.YouTube.api:2019-12-21 14:49:02,489:INFO:........Channel 192
a_data_processing.YouTube.api:2019-12-21 14:49:02,700:INFO:........Channel 193
a_data_processing.YouTube.api:2019-12-21 14:49:02,911:INFO:........Channel 194
a_data_processing.YouTube.api:2019-12-21 14:49:03,125:INFO:........Channel 195
a_data_processing.YouTube.api:2019-12-21 14:49:03,338:INFO:........Channel 196
a_data_processing.YouTube.api:2019-12-21 14:49:03,559:INFO:........Channel 197
a_data_processing.YouTube.api:2019-12-21 14:49:03,773:INFO:........Channel 198
a_data_processing.YouTube.api:2019-12-21 14:49:04,016:INFO:........Channel 199
a_data_processing.YouTube.api:2019-12-21 14:49:04,241:INFO:........Channel 200
a_data_processing.YouTube.api:2019-12-21 14:49:04,453:INFO:Download of Raw Data completed at Sat Dec 21 14:49:04 2019
a_data_processing.YouTube.main:2019-12-21 14:49:04,453:INFO:Download of Raw Data completed
a_data_processing.YouTube.filters:2019-12-21 14:49:04,453:INFO:Filtering videos data junk...
a_data_processing.YouTube.filters:2019-12-21 14:49:04,461:INFO:Filtering channel data junk...
a_data_processing.YouTube.partial_web_scrapping:2019-12-21 14:49:04,465:INFO:Initializing manual web scrapping process...
a_data_processing.YouTube.partial_web_scrapping:2019-12-21 14:49:04,465:INFO:........Getting Video 1 time duration
a_data_processing.YouTube.partial_web_scrapping:2019-12-21 14:49:06,321:INFO:........Getting Video 2 time duration
a_data_processing.YouTube.partial_web_scrapping:2019-12-21 14:49:08,598:INFO:........Getting Video 3 time duration
a_data_processing.YouTube.partial_web_scrapping:2019-12-21 14:49:10,518:INFO:........Getting Video 4 time duration
a_data_processing.YouTube.partial_web_scrapping:2019-12-21 14:49:12,362:INFO:........Getting Video 5 time duration
a_data_processing.YouTube.partial_web_scrapping:2019-12-21 14:49:14,441:INFO:........Getting Video 6 time duration
a_data_processing.YouTube.partial_web_scrapping:2019-12-21 14:49:17,844:INFO:........Getting Video 7 time duration
a_data_processing.YouTube.partial_web_scrapping:2019-12-21 14:49:19,984:INFO:........Getting Video 8 time duration
a_data_processing.YouTube.partial_web_scrapping:2019-12-21 14:49:21,961:INFO:........Getting Video 9 time duration
a_data_processing.YouTube.partial_web_scrapping:2019-12-21 14:49:24,082:INFO:........Getting Video 10 time duration
a_data_processing.YouTube.partial_web_scrapping:2019-12-21 14:49:25,874:INFO:........Getting Video 11 time duration
a_data_processing.YouTube.partial_web_scrapping:2019-12-21 14:49:27,703:INFO:........Getting Video 12 time duration
a_data_processing.YouTube.partial_web_scrapping:2019-12-21 14:49:30,006:INFO:........Getting Video 13 time duration
a_data_processing.YouTube.partial_web_scrapping:2019-12-21 14:49:32,018:INFO:........Getting Video 14 time duration
a_data_processing.YouTube.partial_web_scrapping:2019-12-21 14:49:34,670:INFO:........Getting Video 15 time duration
a_data_processing.YouTube.partial_web_scrapping:2019-12-21 14:49:36,661:INFO:........Getting Video 16 time duration
a_data_processing.YouTube.partial_web_scrapping:2019-12-21 14:49:38,942:INFO:........Getting Video 17 time duration
a_data_processing.YouTube.partial_web_scrapping:2019-12-21 14:49:42,351:INFO:........Getting Video 18 time duration
a_data_processing.YouTube.partial_web_scrapping:2019-12-21 14:49:44,597:INFO:........Getting Video 19 time duration
a_data_processing.YouTube.partial_web_scrapping:2019-12-21 14:49:47,914:INFO:........Getting Video 20 time duration
a_data_processing.YouTube.partial_web_scrapping:2019-12-21 14:49:50,028:INFO:........Getting Video 21 time duration
a_data_processing.YouTube.partial_web_scrapping:2019-12-21 14:49:54,927:INFO:........Getting Video 22 time duration
a_data_processing.YouTube.partial_web_scrapping:2019-12-21 14:49:59,362:INFO:........Getting Video 23 time duration
a_data_processing.YouTube.partial_web_scrapping:2019-12-21 14:50:01,918:INFO:........Getting Video 24 time duration
a_data_processing.YouTube.partial_web_scrapping:2019-12-21 14:50:03,988:INFO:........Getting Video 25 time duration
a_data_processing.YouTube.partial_web_scrapping:2019-12-21 14:50:06,806:INFO:........Getting Video 26 time duration
a_data_processing.YouTube.partial_web_scrapping:2019-12-21 14:50:11,524:INFO:........Getting Video 27 time duration
a_data_processing.YouTube.partial_web_scrapping:2019-12-21 14:50:13,510:INFO:........Getting Video 28 time duration
a_data_processing.YouTube.partial_web_scrapping:2019-12-21 14:50:15,596:INFO:........Getting Video 29 time duration
a_data_processing.YouTube.partial_web_scrapping:2019-12-21 14:50:20,900:INFO:........Getting Video 30 time duration
a_data_processing.YouTube.partial_web_scrapping:2019-12-21 14:50:23,162:INFO:........Getting Video 31 time duration
a_data_processing.YouTube.partial_web_scrapping:2019-12-21 14:50:26,037:INFO:........Getting Video 32 time duration
a_data_processing.YouTube.partial_web_scrapping:2019-12-21 14:50:28,664:INFO:........Getting Video 33 time duration
a_data_processing.YouTube.partial_web_scrapping:2019-12-21 14:50:33,214:INFO:........Getting Video 34 time duration
a_data_processing.YouTube.partial_web_scrapping:2019-12-21 14:50:37,021:INFO:........Getting Video 35 time duration
a_data_processing.YouTube.partial_web_scrapping:2019-12-21 14:50:39,158:INFO:........Getting Video 36 time duration
a_data_processing.YouTube.partial_web_scrapping:2019-12-21 14:50:41,927:INFO:........Getting Video 37 time duration
a_data_processing.YouTube.partial_web_scrapping:2019-12-21 14:50:44,299:INFO:........Getting Video 38 time duration
a_data_processing.YouTube.partial_web_scrapping:2019-12-21 14:50:46,938:INFO:........Getting Video 39 time duration
a_data_processing.YouTube.partial_web_scrapping:2019-12-21 14:50:49,171:INFO:........Getting Video 40 time duration
a_data_processing.YouTube.partial_web_scrapping:2019-12-21 14:50:53,498:INFO:........Getting Video 41 time duration
a_data_processing.YouTube.partial_web_scrapping:2019-12-21 14:50:55,867:INFO:........Getting Video 42 time duration
a_data_processing.YouTube.partial_web_scrapping:2019-12-21 14:50:58,226:INFO:........Getting Video 43 time duration
a_data_processing.YouTube.partial_web_scrapping:2019-12-21 14:51:01,725:INFO:........Getting Video 44 time duration
a_data_processing.YouTube.partial_web_scrapping:2019-12-21 14:51:04,165:INFO:........Getting Video 45 time duration
a_data_processing.YouTube.partial_web_scrapping:2019-12-21 14:51:08,536:INFO:........Getting Video 46 time duration
a_data_processing.YouTube.partial_web_scrapping:2019-12-21 14:51:10,602:INFO:........Getting Video 47 time duration
a_data_processing.YouTube.partial_web_scrapping:2019-12-21 14:51:14,353:INFO:........Getting Video 48 time duration
a_data_processing.YouTube.partial_web_scrapping:2019-12-21 14:51:16,538:INFO:........Getting Video 49 time duration
a_data_processing.YouTube.partial_web_scrapping:2019-12-21 14:51:18,930:INFO:........Getting Video 50 time duration
a_data_processing.YouTube.filters:2019-12-21 14:51:20,564:INFO:Creating dictionary from the data...
a_data_processing.YouTube.filters:2019-12-21 14:51:20,564:INFO:Applying string corrections...
a_data_processing.YouTube.main:2019-12-21 14:51:20,568:INFO:Data munging completed
a_data_processing.YouTube.writer:2019-12-21 14:51:20,568:INFO:Converting data into .JSON format...
a_data_processing.YouTube.writer:2019-12-21 14:51:20,576:INFO:Writing data in file...
a_data_processing.YouTube.writer:2019-12-21 14:51:20,576:INFO:Creating output folder at C:\Users\maruc\OneDrive\rea de Trabalho\WDataa_data_processing\output\YouTube
